<?xml version="1.0" encoding="UTF-8"?>
<!-- Generated by org.testng.reporters.JUnitXMLReporter -->
<testsuite ignored="10" hostname="AMX-RL-20-457-W" failures="1" tests="1" name="Default test" time="17.039" errors="0" timestamp="2022-06-01T22:08:31 IST">
  <testcase classname="icivics_testcases.Icivics_HomepageHeaderSigninMisc_Test" name="C38_Verifysigninbuttonsubmenu" time="13.92">
    <failure type="java.lang.NullPointerException" message="inStream parameter is null">
      <![CDATA[java.lang.NullPointerException: inStream parameter is null
at java.base/java.util.Objects.requireNonNull(Objects.java:233)
at java.base/java.util.Properties.load(Properties.java:407)
at selenium.base.SeleniumBase.getPropfile(SeleniumBase.java:1870)
at icivics_pages.Icivics_HomepageHeaderSigninMisc.Signinbuttonelementsverification(Icivics_HomepageHeaderSigninMisc.java:171)
at icivics_testcases.Icivics_HomepageHeaderSigninMisc_Test.C38_Verifysigninbuttonsubmenu(Icivics_HomepageHeaderSigninMisc_Test.java:108)
at java.base/jdk.internal.reflect.NativeMethodAccessorImpl.invoke0(Native Method)
at java.base/jdk.internal.reflect.NativeMethodAccessorImpl.invoke(NativeMethodAccessorImpl.java:77)
at java.base/jdk.internal.reflect.DelegatingMethodAccessorImpl.invoke(DelegatingMethodAccessorImpl.java:43)
at java.base/java.lang.reflect.Method.invoke(Method.java:568)
at org.testng.internal.MethodInvocationHelper.invokeMethod(MethodInvocationHelper.java:133)
at org.testng.internal.TestInvoker.invokeMethod(TestInvoker.java:598)
at org.testng.internal.TestInvoker.invokeTestMethod(TestInvoker.java:173)
at org.testng.internal.MethodRunner.runInSequence(MethodRunner.java:46)
at org.testng.internal.TestInvoker$MethodInvocationAgent.invoke(TestInvoker.java:824)
at org.testng.internal.TestInvoker.invokeTestMethods(TestInvoker.java:146)
at org.testng.internal.TestMethodWorker.invokeTestMethods(TestMethodWorker.java:146)
at org.testng.internal.TestMethodWorker.run(TestMethodWorker.java:128)
at java.base/java.util.ArrayList.forEach(ArrayList.java:1511)
at org.testng.TestRunner.privateRun(TestRunner.java:794)
at org.testng.TestRunner.run(TestRunner.java:596)
at org.testng.SuiteRunner.runTest(SuiteRunner.java:377)
at org.testng.SuiteRunner.runSequentially(SuiteRunner.java:371)
at org.testng.SuiteRunner.privateRun(SuiteRunner.java:332)
at org.testng.SuiteRunner.run(SuiteRunner.java:276)
at org.testng.SuiteRunnerWorker.runSuite(SuiteRunnerWorker.java:53)
at org.testng.SuiteRunnerWorker.run(SuiteRunnerWorker.java:96)
at org.testng.TestNG.runSuitesSequentially(TestNG.java:1212)
at org.testng.TestNG.runSuitesLocally(TestNG.java:1134)
at org.testng.TestNG.runSuites(TestNG.java:1063)
at org.testng.TestNG.run(TestNG.java:1031)
at org.testng.remote.AbstractRemoteTestNG.run(AbstractRemoteTestNG.java:115)
at org.testng.remote.RemoteTestNG.initAndRun(RemoteTestNG.java:251)
at org.testng.remote.RemoteTestNG.main(RemoteTestNG.java:77)
]]>
    </failure>
  </testcase> <!-- C38_Verifysigninbuttonsubmenu -->
  <testcase classname="icivics_testcases.Icivics_HomepageHeaderSigninMisc_Test" name="C31_Verifyshopbutton" time="0.0">
    <ignored/>
  </testcase> <!-- C31_Verifyshopbutton -->
  <testcase classname="icivics_testcases.Icivics_HomepageHeaderSigninMisc_Test" name="C34_Verifymyicivicsbuttonafterlogin11" time="0.0">
    <ignored/>
  </testcase> <!-- C34_Verifymyicivicsbuttonafterlogin11 -->
  <testcase classname="cucumber.api.testng.AbstractTestNGCucumberTests" name="runScenario" time="0.0">
    <ignored/>
  </testcase> <!-- runScenario -->
  <testcase classname="icivics_testcases.Icivics_HomepageHeaderSigninMisc_Test" name="C30_Verifydonatebuttonclick" time="0.0">
    <ignored/>
  </testcase> <!-- C30_Verifydonatebuttonclick -->
  <testcase classname="icivics_testcases.Icivics_HomepageHeaderSigninMisc_Test" name="C34_Verifymyicivicsbuttonafterlogin" time="0.0">
    <ignored/>
  </testcase> <!-- C34_Verifymyicivicsbuttonafterlogin -->
  <testcase classname="icivics_testcases.Icivics_HomepageHeaderSigninMisc_Test" name="C37_Verifysigninbuttonsubmenu" time="0.0">
    <ignored/>
  </testcase> <!-- C37_Verifysigninbuttonsubmenu -->
  <testcase classname="icivics_testcases.Icivics_HomepageHeaderSigninMisc_Test" name="C32_Verifyshopbuttonclick" time="0.0">
    <ignored/>
  </testcase> <!-- C32_Verifyshopbuttonclick -->
  <testcase classname="icivics_testcases.Icivics_HomepageHeaderSigninMisc_Test" name="C33_Verifysigninbuttonforanonymoususer" time="0.0">
    <ignored/>
  </testcase> <!-- C33_Verifysigninbuttonforanonymoususer -->
  <testcase classname="icivics_testcases.Icivics_HomepageHeaderSigninMisc_Test" name="C29_Verifydonatebutton" time="0.0">
    <ignored/>
  </testcase> <!-- C29_Verifydonatebutton -->
  <testcase classname="icivics_testcases.Icivics_HomepageHeaderSigninMisc_Test" name="C36_Verifymyicivicsbuttonsubmenu" time="0.0">
    <ignored/>
  </testcase> <!-- C36_Verifymyicivicsbuttonsubmenu -->
</testsuite> <!-- Default test -->
