<?xml version="1.0" encoding="UTF-8"?>
<!-- Generated by org.testng.reporters.JUnitXMLReporter -->
<testsuite hostname="AMX-RL-20-348-W" ignored="38" name="Regression_TestScripts" tests="162" failures="17" timestamp="2022-07-04T23:16:31 IST" time="3842.481" errors="0">
  <testcase name="C321_VerifyallpageElements" time="19.065" classname="icivics_testcases.EducatorRegistration_Test"/>
  <testcase name="C322_ButtonHover" time="29.333" classname="icivics_testcases.EducatorRegistration_Test"/>
  <testcase name="C323_Verifyallbuttonlinks" time="207.392" classname="icivics_testcases.EducatorRegistration_Test"/>
  <testcase name="C324_WindowResize" time="13.212" classname="icivics_testcases.EducatorRegistration_Test"/>
  <testcase name="C325_Verifyerrormsg" time="6.135" classname="icivics_testcases.EducatorRegistration_Test"/>
  <testcase name="C326_Verifybreadcrumbs" time="6.296" classname="icivics_testcases.EducatorRegistration_Test"/>
  <testcase name="C327_verifybreadcrumbspage1" time="2.825" classname="icivics_testcases.EducatorRegistration1_Test"/>
  <testcase name="C328_verifytextfields" time="5.811" classname="icivics_testcases.EducatorRegistration1_Test"/>
  <testcase name="C329_verifyusernamepregenerated" time="8.784" classname="icivics_testcases.EducatorRegistration1_Test"/>
  <testcase name="C330_verifyusernamepregeneratedrandomly" time="15.096" classname="icivics_testcases.EducatorRegistration1_Test"/>
  <testcase name="C331_verifyentertextinallfields" time="4.86" classname="icivics_testcases.EducatorRegistration1_Test"/>
  <testcase name="C332_verifyfieldsmarkedwithanasterisk" time="3.601" classname="icivics_testcases.EducatorRegistration1_Test"/>
  <testcase name="C333_verifyemailtooltips" time="3.739" classname="icivics_testcases.EducatorRegistration1_Test"/>
  <testcase name="C334_verifyemailerrormsg" time="11.009" classname="icivics_testcases.EducatorRegistration1_Test"/>
  <testcase name="C335_verifyblankerrormsg" time="40.909" classname="icivics_testcases.EducatorRegistration1_Test"/>
  <testcase name="C336_verifyinvaliderrormsg" time="5.431" classname="icivics_testcases.EducatorRegistration1_Test">
    <failure type="java.lang.NullPointerException">
      <![CDATA[java.lang.NullPointerException
at icivics_pages.EducatorRegistration1.verifyinvaliderrormsg(EducatorRegistration1.java:593)
at icivics_testcases.EducatorRegistration1_Test.C336_verifyinvaliderrormsg(EducatorRegistration1_Test.java:121)
at java.util.ArrayList.forEach(Unknown Source)
... Removed 27 stack frames]]>
    </failure>
  </testcase> <!-- C336_verifyinvaliderrormsg -->
  <testcase name="C337_verifyvalidregistration" time="14.059" classname="icivics_testcases.EducatorRegistration1_Test"/>
  <testcase name="C338_verifybreadcrumbspage1" time="5.625" classname="icivics_testcases.EducatorRegistration2_Test">
    <failure type="org.openqa.selenium.WebDriverException" message="unknown error: cannot determine loading status
from unknown error: unexpected command response
  (Session info: chrome=103.0.5060.66)
Build info: version: &amp;apos;3.141.59&amp;apos;, revision: &amp;apos;e82be7d358&amp;apos;, time: &amp;apos;2018-11-14T08:17:03&amp;apos;
System info: host: &amp;apos;AMX-RL-20-348-W&amp;apos;, ip: &amp;apos;10.10.7.51&amp;apos;, os.name: &amp;apos;Windows 10&amp;apos;, os.arch: &amp;apos;amd64&amp;apos;, os.version: &amp;apos;10.0&amp;apos;, java.version: &amp;apos;1.8.0_181&amp;apos;
Driver info: org.openqa.selenium.chrome.ChromeDriver
Capabilities {acceptInsecureCerts: false, browserName: chrome, browserVersion: 103.0.5060.66, chrome: {chromedriverVersion: 103.0.5060.53 (a1711811edd7..., userDataDir: C:\Users\VENKAT~1.T\AppData...}, goog:chromeOptions: {debuggerAddress: localhost:50655}, javascriptEnabled: true, networkConnectionEnabled: false, pageLoadStrategy: normal, platform: WINDOWS, platformName: WINDOWS, proxy: Proxy(), setWindowRect: true, strictFileInteractability: false, timeouts: {implicit: 0, pageLoad: 300000, script: 30000}, unhandledPromptBehavior: dismiss and notify, webauthn:extension:credBlob: true, webauthn:extension:largeBlob: true, webauthn:virtualAuthenticators: true}
Session ID: e87a4af2f1d37f2df787591bee4775f9">
      <![CDATA[org.openqa.selenium.WebDriverException: unknown error: cannot determine loading status
from unknown error: unexpected command response
  (Session info: chrome=103.0.5060.66)
Build info: version: '3.141.59', revision: 'e82be7d358', time: '2018-11-14T08:17:03'
System info: host: 'AMX-RL-20-348-W', ip: '10.10.7.51', os.name: 'Windows 10', os.arch: 'amd64', os.version: '10.0', java.version: '1.8.0_181'
Driver info: org.openqa.selenium.chrome.ChromeDriver
Capabilities {acceptInsecureCerts: false, browserName: chrome, browserVersion: 103.0.5060.66, chrome: {chromedriverVersion: 103.0.5060.53 (a1711811edd7..., userDataDir: C:\Users\VENKAT~1.T\AppData...}, goog:chromeOptions: {debuggerAddress: localhost:50655}, javascriptEnabled: true, networkConnectionEnabled: false, pageLoadStrategy: normal, platform: WINDOWS, platformName: WINDOWS, proxy: Proxy(), setWindowRect: true, strictFileInteractability: false, timeouts: {implicit: 0, pageLoad: 300000, script: 30000}, unhandledPromptBehavior: dismiss and notify, webauthn:extension:credBlob: true, webauthn:extension:largeBlob: true, webauthn:virtualAuthenticators: true}
Session ID: e87a4af2f1d37f2df787591bee4775f9
at org.openqa.selenium.remote.http.W3CHttpResponseCodec.createException(W3CHttpResponseCodec.java:187)
at org.openqa.selenium.remote.http.W3CHttpResponseCodec.decode(W3CHttpResponseCodec.java:122)
at org.openqa.selenium.remote.http.W3CHttpResponseCodec.decode(W3CHttpResponseCodec.java:49)
at org.openqa.selenium.remote.HttpCommandExecutor.execute(HttpCommandExecutor.java:158)
at org.openqa.selenium.remote.service.DriverCommandExecutor.execute(DriverCommandExecutor.java:83)
at org.openqa.selenium.remote.RemoteWebDriver.execute(RemoteWebDriver.java:552)
at org.openqa.selenium.remote.RemoteWebElement.execute(RemoteWebElement.java:285)
at org.openqa.selenium.remote.RemoteWebElement.click(RemoteWebElement.java:84)
at icivics_pages.EducatorRegistration2.verifywithvaliddata(EducatorRegistration2.java:67)
at icivics_testcases.EducatorRegistration2_Test.C338_verifybreadcrumbspage1(EducatorRegistration2_Test.java:27)
at java.util.ArrayList.forEach(Unknown Source)
... Removed 31 stack frames]]>
    </failure>
  </testcase> <!-- C338_verifybreadcrumbspage1 -->
  <testcase name="C339_verifypreviouspage" time="10.712" classname="icivics_testcases.EducatorRegistration2_Test"/>
  <testcase name="C340_verifyalldataremembered" time="17.185" classname="icivics_testcases.EducatorRegistration2_Test"/>
  <testcase name="C341_verifyRoleandGradeLevel" time="18.127" classname="icivics_testcases.EducatorRegistration2_Test"/>
  <testcase name="C342_verifymakeselection" time="18.404" classname="icivics_testcases.EducatorRegistration2_Test"/>
  <testcase name="C343_verifyotheradditionalfield" time="10.926" classname="icivics_testcases.EducatorRegistration2_Test"/>
  <testcase name="C344_verifyasterisk" time="7.895" classname="icivics_testcases.EducatorRegistration2_Test"/>
  <testcase name="C345_verifyblankerrormsg" time="44.882" classname="icivics_testcases.EducatorRegistration2_Test"/>
  <testcase name="C346_verifyerrormsgboxcolor" time="10.709" classname="icivics_testcases.EducatorRegistration2_Test"/>
  <testcase name="C347_verifyvalidsubmission" time="20.849" classname="icivics_testcases.EducatorRegistration2_Test"/>
  <testcase name="C348_verifybreadcrumbspage3" time="15.327" classname="icivics_testcases.EducatorRegistration3_Test"/>
  <testcase name="C349_verifypreviouspage" time="19.524" classname="icivics_testcases.EducatorRegistration3_Test"/>
  <testcase name="C350_verifyalldataremembered" time="16.974" classname="icivics_testcases.EducatorRegistration3_Test">
    <failure type="java.lang.NullPointerException">
      <![CDATA[java.lang.NullPointerException
at icivics_pages.EducatorRegistration3.verifygradelevelremembered(EducatorRegistration3.java:153)
at icivics_testcases.EducatorRegistration3_Test.C350_verifyalldataremembered(EducatorRegistration3_Test.java:42)
at java.util.ArrayList.forEach(Unknown Source)
... Removed 27 stack frames]]>
    </failure>
  </testcase> <!-- C350_verifyalldataremembered -->
  <testcase name="C351_verifyallpage3fields" time="30.231" classname="icivics_testcases.EducatorRegistration3_Test"/>
  <testcase name="C352_verifyallfieldsallowtoentertextandmakeselection" time="23.88" classname="icivics_testcases.EducatorRegistration3_Test">
    <failure type="java.lang.NullPointerException">
      <![CDATA[java.lang.NullPointerException
at icivics_pages.EducatorRegistration3.Verifyzipcodeerrormsg(EducatorRegistration3.java:290)
at icivics_testcases.EducatorRegistration3_Test.C352_verifyallfieldsallowtoentertextandmakeselection(EducatorRegistration3_Test.java:62)
at java.util.ArrayList.forEach(Unknown Source)
... Removed 27 stack frames]]>
    </failure>
  </testcase> <!-- C352_verifyallfieldsallowtoentertextandmakeselection -->
  <testcase name="C354_verifyallfieldswithinvaliddata" time="26.054" classname="icivics_testcases.EducatorRegistration3_Test">
    <failure type="java.lang.NullPointerException">
      <![CDATA[java.lang.NullPointerException
at icivics_pages.EducatorRegistration3.verifyenterinvaliddata(EducatorRegistration3.java:339)
at icivics_testcases.EducatorRegistration3_Test.C354_verifyallfieldswithinvaliddata(EducatorRegistration3_Test.java:72)
at java.util.ArrayList.forEach(Unknown Source)
... Removed 27 stack frames]]>
    </failure>
  </testcase> <!-- C354_verifyallfieldswithinvaliddata -->
  <testcase name="C355_verifyallfieldswithblankfield" time="21.291" classname="icivics_testcases.EducatorRegistration3_Test"/>
  <testcase name="C357_verifyvalidsubmission" time="27.901" classname="icivics_testcases.EducatorRegistration3_Test"/>
  <testcase name="C358_verifybreadcrumbspage4" time="23.038" classname="icivics_testcases.EducatorRegistration4_Test"/>
  <testcase name="C359_verifypreviouspage" time="27.418" classname="icivics_testcases.EducatorRegistration4_Test"/>
  <testcase name="C360_verifyalldataremembered" time="24.074" classname="icivics_testcases.EducatorRegistration4_Test">
    <failure type="java.lang.NullPointerException">
      <![CDATA[java.lang.NullPointerException
at icivics_pages.EducatorRegistration4.verifySchoolremembered(EducatorRegistration4.java:168)
at icivics_testcases.EducatorRegistration4_Test.C360_verifyalldataremembered(EducatorRegistration4_Test.java:44)
at java.util.ArrayList.forEach(Unknown Source)
... Removed 27 stack frames]]>
    </failure>
  </testcase> <!-- C360_verifyalldataremembered -->
  <testcase name="C361_verifyallpage3fields" time="25.891" classname="icivics_testcases.EducatorRegistration4_Test"/>
  <testcase name="C362_verifySignUpischecked" time="28.103" classname="icivics_testcases.EducatorRegistration4_Test"/>
  <testcase name="C363_verifyallpage4fields" time="36.887" classname="icivics_testcases.EducatorRegistration4_Test"/>
  <testcase name="C364_verifyallfieldasterisk" time="24.078" classname="icivics_testcases.EducatorRegistration4_Test"/>
  <testcase name="C365_verifypasswordtooltips" time="24.011" classname="icivics_testcases.EducatorRegistration4_Test"/>
  <testcase name="C366_verifypasswordstrengthIndicator" time="23.331" classname="icivics_testcases.EducatorRegistration4_Test"/>
  <testcase name="C367_verifypasswordIndicatormatch" time="24.143" classname="icivics_testcases.EducatorRegistration4_Test"/>
  <testcase name="C368_verifyallfieldswithinvaliddata" time="27.744" classname="icivics_testcases.EducatorRegistration4_Test"/>
  <testcase name="C369_verifyallfieldswithblankdata" time="25.868" classname="icivics_testcases.EducatorRegistration4_Test"/>
  <testcase name="C370_verifyallfieldswithblankandinvaliddata" time="27.718" classname="icivics_testcases.EducatorRegistration4_Test"/>
  <testcase name="C371_verifyvalidsubmission" time="27.553" classname="icivics_testcases.EducatorRegistration4_Test"/>
  <testcase name="C372_verifybreadcrumbspage5" time="25.043" classname="icivics_testcases.EducatorRegistration5_Test">
    <failure type="java.lang.NullPointerException">
      <![CDATA[java.lang.NullPointerException
at icivics_pages.EducatorRegistration5.verifywithvaliddata(EducatorRegistration5.java:116)
at icivics_testcases.EducatorRegistration5_Test.C372_verifybreadcrumbspage5(EducatorRegistration5_Test.java:27)
at java.util.ArrayList.forEach(Unknown Source)
... Removed 27 stack frames]]>
    </failure>
  </testcase> <!-- C372_verifybreadcrumbspage5 -->
  <testcase name="C373_verifywelcomemessage" time="23.483" classname="icivics_testcases.EducatorRegistration5_Test">
    <failure type="java.lang.NullPointerException">
      <![CDATA[java.lang.NullPointerException
at icivics_pages.EducatorRegistration5.verifywithvaliddata(EducatorRegistration5.java:100)
at icivics_testcases.EducatorRegistration5_Test.C373_verifywelcomemessage(EducatorRegistration5_Test.java:36)
at java.util.ArrayList.forEach(Unknown Source)
... Removed 27 stack frames]]>
    </failure>
  </testcase> <!-- C373_verifywelcomemessage -->
  <testcase name="C374_verifyconfirmationemail" time="32.258" classname="icivics_testcases.EducatorRegistration5_Test"/>
  <testcase name="C375_verifyconfirmationemail" time="25.21" classname="icivics_testcases.EducatorRegistration5_Test"/>
  <testcase name="C376_verifyresendbutton" time="31.093" classname="icivics_testcases.EducatorRegistration5_Test"/>
  <testcase name="C377_verifynotification" time="34.888" classname="icivics_testcases.EducatorRegistration5_Test"/>
  <testcase name="C425_verifyemailfieldsappear" time="3.726" classname="icivics_testcases.StudentRegistration1classcode_Test">
    <failure type="org.openqa.selenium.WebDriverException" message="unknown error: cannot determine loading status
from unknown error: unexpected command response
  (Session info: chrome=103.0.5060.66)
Build info: version: &amp;apos;3.141.59&amp;apos;, revision: &amp;apos;e82be7d358&amp;apos;, time: &amp;apos;2018-11-14T08:17:03&amp;apos;
System info: host: &amp;apos;AMX-RL-20-348-W&amp;apos;, ip: &amp;apos;10.10.7.51&amp;apos;, os.name: &amp;apos;Windows 10&amp;apos;, os.arch: &amp;apos;amd64&amp;apos;, os.version: &amp;apos;10.0&amp;apos;, java.version: &amp;apos;1.8.0_181&amp;apos;
Driver info: org.openqa.selenium.chrome.ChromeDriver
Capabilities {acceptInsecureCerts: false, browserName: chrome, browserVersion: 103.0.5060.66, chrome: {chromedriverVersion: 103.0.5060.53 (a1711811edd7..., userDataDir: C:\Users\VENKAT~1.T\AppData...}, goog:chromeOptions: {debuggerAddress: localhost:52219}, javascriptEnabled: true, networkConnectionEnabled: false, pageLoadStrategy: normal, platform: WINDOWS, platformName: WINDOWS, proxy: Proxy(), setWindowRect: true, strictFileInteractability: false, timeouts: {implicit: 0, pageLoad: 300000, script: 30000}, unhandledPromptBehavior: dismiss and notify, webauthn:extension:credBlob: true, webauthn:extension:largeBlob: true, webauthn:virtualAuthenticators: true}
Session ID: 8d71dbe231efafb96e50a8d5e0c948b6">
      <![CDATA[org.openqa.selenium.WebDriverException: unknown error: cannot determine loading status
from unknown error: unexpected command response
  (Session info: chrome=103.0.5060.66)
Build info: version: '3.141.59', revision: 'e82be7d358', time: '2018-11-14T08:17:03'
System info: host: 'AMX-RL-20-348-W', ip: '10.10.7.51', os.name: 'Windows 10', os.arch: 'amd64', os.version: '10.0', java.version: '1.8.0_181'
Driver info: org.openqa.selenium.chrome.ChromeDriver
Capabilities {acceptInsecureCerts: false, browserName: chrome, browserVersion: 103.0.5060.66, chrome: {chromedriverVersion: 103.0.5060.53 (a1711811edd7..., userDataDir: C:\Users\VENKAT~1.T\AppData...}, goog:chromeOptions: {debuggerAddress: localhost:52219}, javascriptEnabled: true, networkConnectionEnabled: false, pageLoadStrategy: normal, platform: WINDOWS, platformName: WINDOWS, proxy: Proxy(), setWindowRect: true, strictFileInteractability: false, timeouts: {implicit: 0, pageLoad: 300000, script: 30000}, unhandledPromptBehavior: dismiss and notify, webauthn:extension:credBlob: true, webauthn:extension:largeBlob: true, webauthn:virtualAuthenticators: true}
Session ID: 8d71dbe231efafb96e50a8d5e0c948b6
at org.openqa.selenium.remote.http.W3CHttpResponseCodec.createException(W3CHttpResponseCodec.java:187)
at org.openqa.selenium.remote.http.W3CHttpResponseCodec.decode(W3CHttpResponseCodec.java:122)
at org.openqa.selenium.remote.http.W3CHttpResponseCodec.decode(W3CHttpResponseCodec.java:49)
at org.openqa.selenium.remote.HttpCommandExecutor.execute(HttpCommandExecutor.java:158)
at org.openqa.selenium.remote.service.DriverCommandExecutor.execute(DriverCommandExecutor.java:83)
at org.openqa.selenium.remote.RemoteWebDriver.execute(RemoteWebDriver.java:552)
at org.openqa.selenium.remote.RemoteWebElement.execute(RemoteWebElement.java:285)
at org.openqa.selenium.remote.RemoteWebElement.click(RemoteWebElement.java:84)
at icivics_pages.StudentReg1classcode.verifyOptionallink(StudentReg1classcode.java:59)
at icivics_testcases.StudentRegistration1classcode_Test.C425_verifyemailfieldsappear(StudentRegistration1classcode_Test.java:29)
at java.util.ArrayList.forEach(Unknown Source)
... Removed 30 stack frames]]>
    </failure>
  </testcase> <!-- C425_verifyemailfieldsappear -->
  <testcase name="C426_verifyemailtooltips" time="4.776" classname="icivics_testcases.StudentRegistration1classcode_Test"/>
  <testcase name="C427_verifyemailfieldsdisappear" time="7.276" classname="icivics_testcases.StudentRegistration1classcode_Test">
    <failure type="org.openqa.selenium.WebDriverException" message="unknown error: cannot determine loading status
from unknown error: unexpected command response
  (Session info: chrome=103.0.5060.66)
Build info: version: &amp;apos;3.141.59&amp;apos;, revision: &amp;apos;e82be7d358&amp;apos;, time: &amp;apos;2018-11-14T08:17:03&amp;apos;
System info: host: &amp;apos;AMX-RL-20-348-W&amp;apos;, ip: &amp;apos;10.10.7.51&amp;apos;, os.name: &amp;apos;Windows 10&amp;apos;, os.arch: &amp;apos;amd64&amp;apos;, os.version: &amp;apos;10.0&amp;apos;, java.version: &amp;apos;1.8.0_181&amp;apos;
Driver info: org.openqa.selenium.chrome.ChromeDriver
Capabilities {acceptInsecureCerts: false, browserName: chrome, browserVersion: 103.0.5060.66, chrome: {chromedriverVersion: 103.0.5060.53 (a1711811edd7..., userDataDir: C:\Users\VENKAT~1.T\AppData...}, goog:chromeOptions: {debuggerAddress: localhost:52289}, javascriptEnabled: true, networkConnectionEnabled: false, pageLoadStrategy: normal, platform: WINDOWS, platformName: WINDOWS, proxy: Proxy(), setWindowRect: true, strictFileInteractability: false, timeouts: {implicit: 0, pageLoad: 300000, script: 30000}, unhandledPromptBehavior: dismiss and notify, webauthn:extension:credBlob: true, webauthn:extension:largeBlob: true, webauthn:virtualAuthenticators: true}
Session ID: 4b716915a5677eeac34f22a2a143fec4">
      <![CDATA[org.openqa.selenium.WebDriverException: unknown error: cannot determine loading status
from unknown error: unexpected command response
  (Session info: chrome=103.0.5060.66)
Build info: version: '3.141.59', revision: 'e82be7d358', time: '2018-11-14T08:17:03'
System info: host: 'AMX-RL-20-348-W', ip: '10.10.7.51', os.name: 'Windows 10', os.arch: 'amd64', os.version: '10.0', java.version: '1.8.0_181'
Driver info: org.openqa.selenium.chrome.ChromeDriver
Capabilities {acceptInsecureCerts: false, browserName: chrome, browserVersion: 103.0.5060.66, chrome: {chromedriverVersion: 103.0.5060.53 (a1711811edd7..., userDataDir: C:\Users\VENKAT~1.T\AppData...}, goog:chromeOptions: {debuggerAddress: localhost:52289}, javascriptEnabled: true, networkConnectionEnabled: false, pageLoadStrategy: normal, platform: WINDOWS, platformName: WINDOWS, proxy: Proxy(), setWindowRect: true, strictFileInteractability: false, timeouts: {implicit: 0, pageLoad: 300000, script: 30000}, unhandledPromptBehavior: dismiss and notify, webauthn:extension:credBlob: true, webauthn:extension:largeBlob: true, webauthn:virtualAuthenticators: true}
Session ID: 4b716915a5677eeac34f22a2a143fec4
at org.openqa.selenium.remote.http.W3CHttpResponseCodec.createException(W3CHttpResponseCodec.java:187)
at org.openqa.selenium.remote.http.W3CHttpResponseCodec.decode(W3CHttpResponseCodec.java:122)
at org.openqa.selenium.remote.http.W3CHttpResponseCodec.decode(W3CHttpResponseCodec.java:49)
at org.openqa.selenium.remote.HttpCommandExecutor.execute(HttpCommandExecutor.java:158)
at org.openqa.selenium.remote.service.DriverCommandExecutor.execute(DriverCommandExecutor.java:83)
at org.openqa.selenium.remote.RemoteWebDriver.execute(RemoteWebDriver.java:552)
at org.openqa.selenium.remote.RemoteWebElement.execute(RemoteWebElement.java:285)
at org.openqa.selenium.remote.RemoteWebElement.click(RemoteWebElement.java:84)
at icivics_pages.StudentReg1classcode.clickonremovelink(StudentReg1classcode.java:126)
at icivics_testcases.StudentRegistration1classcode_Test.C427_verifyemailfieldsdisappear(StudentRegistration1classcode_Test.java:50)
at java.util.ArrayList.forEach(Unknown Source)
... Removed 30 stack frames]]>
    </failure>
  </testcase> <!-- C427_verifyemailfieldsdisappear -->
  <testcase name="C428_verifyusernamepregenerated" time="8.676" classname="icivics_testcases.StudentRegistration1classcode_Test"/>
  <testcase name="C429_usernamegeneratedrandomly" time="15.072" classname="icivics_testcases.StudentRegistration1classcode_Test"/>
  <testcase name="C430_verifyregistrationwithvaliddata" time="3.13" classname="icivics_testcases.StudentRegistration1classcode_Test">
    <failure type="org.openqa.selenium.WebDriverException" message="unknown error: cannot determine loading status
from unknown error: unexpected command response
  (Session info: chrome=103.0.5060.66)
Build info: version: &amp;apos;3.141.59&amp;apos;, revision: &amp;apos;e82be7d358&amp;apos;, time: &amp;apos;2018-11-14T08:17:03&amp;apos;
System info: host: &amp;apos;AMX-RL-20-348-W&amp;apos;, ip: &amp;apos;10.10.7.51&amp;apos;, os.name: &amp;apos;Windows 10&amp;apos;, os.arch: &amp;apos;amd64&amp;apos;, os.version: &amp;apos;10.0&amp;apos;, java.version: &amp;apos;1.8.0_181&amp;apos;
Driver info: org.openqa.selenium.chrome.ChromeDriver
Capabilities {acceptInsecureCerts: false, browserName: chrome, browserVersion: 103.0.5060.66, chrome: {chromedriverVersion: 103.0.5060.53 (a1711811edd7..., userDataDir: C:\Users\VENKAT~1.T\AppData...}, goog:chromeOptions: {debuggerAddress: localhost:52389}, javascriptEnabled: true, networkConnectionEnabled: false, pageLoadStrategy: normal, platform: WINDOWS, platformName: WINDOWS, proxy: Proxy(), setWindowRect: true, strictFileInteractability: false, timeouts: {implicit: 0, pageLoad: 300000, script: 30000}, unhandledPromptBehavior: dismiss and notify, webauthn:extension:credBlob: true, webauthn:extension:largeBlob: true, webauthn:virtualAuthenticators: true}
Session ID: 49c6abbbea8038e7a53ea9a88b8adeb0">
      <![CDATA[org.openqa.selenium.WebDriverException: unknown error: cannot determine loading status
from unknown error: unexpected command response
  (Session info: chrome=103.0.5060.66)
Build info: version: '3.141.59', revision: 'e82be7d358', time: '2018-11-14T08:17:03'
System info: host: 'AMX-RL-20-348-W', ip: '10.10.7.51', os.name: 'Windows 10', os.arch: 'amd64', os.version: '10.0', java.version: '1.8.0_181'
Driver info: org.openqa.selenium.chrome.ChromeDriver
Capabilities {acceptInsecureCerts: false, browserName: chrome, browserVersion: 103.0.5060.66, chrome: {chromedriverVersion: 103.0.5060.53 (a1711811edd7..., userDataDir: C:\Users\VENKAT~1.T\AppData...}, goog:chromeOptions: {debuggerAddress: localhost:52389}, javascriptEnabled: true, networkConnectionEnabled: false, pageLoadStrategy: normal, platform: WINDOWS, platformName: WINDOWS, proxy: Proxy(), setWindowRect: true, strictFileInteractability: false, timeouts: {implicit: 0, pageLoad: 300000, script: 30000}, unhandledPromptBehavior: dismiss and notify, webauthn:extension:credBlob: true, webauthn:extension:largeBlob: true, webauthn:virtualAuthenticators: true}
Session ID: 49c6abbbea8038e7a53ea9a88b8adeb0
at org.openqa.selenium.remote.http.W3CHttpResponseCodec.createException(W3CHttpResponseCodec.java:187)
at org.openqa.selenium.remote.http.W3CHttpResponseCodec.decode(W3CHttpResponseCodec.java:122)
at org.openqa.selenium.remote.http.W3CHttpResponseCodec.decode(W3CHttpResponseCodec.java:49)
at org.openqa.selenium.remote.HttpCommandExecutor.execute(HttpCommandExecutor.java:158)
at org.openqa.selenium.remote.service.DriverCommandExecutor.execute(DriverCommandExecutor.java:83)
at org.openqa.selenium.remote.RemoteWebDriver.execute(RemoteWebDriver.java:552)
at org.openqa.selenium.remote.RemoteWebElement.execute(RemoteWebElement.java:285)
at org.openqa.selenium.remote.RemoteWebElement.click(RemoteWebElement.java:84)
at icivics_pages.StudentReg1classcode.clickOptionallink(StudentReg1classcode.java:51)
at icivics_testcases.StudentRegistration1classcode_Test.C430_verifyregistrationwithvaliddata(StudentRegistration1classcode_Test.java:77)
at java.util.ArrayList.forEach(Unknown Source)
... Removed 30 stack frames]]>
    </failure>
  </testcase> <!-- C430_verifyregistrationwithvaliddata -->
  <testcase name="C431_verifyAsteriks" time="3.302" classname="icivics_testcases.StudentRegistration1classcode_Test">
    <failure type="org.openqa.selenium.WebDriverException" message="unknown error: cannot determine loading status
from unknown error: unexpected command response
  (Session info: chrome=103.0.5060.66)
Build info: version: &amp;apos;3.141.59&amp;apos;, revision: &amp;apos;e82be7d358&amp;apos;, time: &amp;apos;2018-11-14T08:17:03&amp;apos;
System info: host: &amp;apos;AMX-RL-20-348-W&amp;apos;, ip: &amp;apos;10.10.7.51&amp;apos;, os.name: &amp;apos;Windows 10&amp;apos;, os.arch: &amp;apos;amd64&amp;apos;, os.version: &amp;apos;10.0&amp;apos;, java.version: &amp;apos;1.8.0_181&amp;apos;
Driver info: org.openqa.selenium.chrome.ChromeDriver
Capabilities {acceptInsecureCerts: false, browserName: chrome, browserVersion: 103.0.5060.66, chrome: {chromedriverVersion: 103.0.5060.53 (a1711811edd7..., userDataDir: C:\Users\VENKAT~1.T\AppData...}, goog:chromeOptions: {debuggerAddress: localhost:52425}, javascriptEnabled: true, networkConnectionEnabled: false, pageLoadStrategy: normal, platform: WINDOWS, platformName: WINDOWS, proxy: Proxy(), setWindowRect: true, strictFileInteractability: false, timeouts: {implicit: 0, pageLoad: 300000, script: 30000}, unhandledPromptBehavior: dismiss and notify, webauthn:extension:credBlob: true, webauthn:extension:largeBlob: true, webauthn:virtualAuthenticators: true}
Session ID: fc0a2acb2c68e8be8947d5a5b7a3a831">
      <![CDATA[org.openqa.selenium.WebDriverException: unknown error: cannot determine loading status
from unknown error: unexpected command response
  (Session info: chrome=103.0.5060.66)
Build info: version: '3.141.59', revision: 'e82be7d358', time: '2018-11-14T08:17:03'
System info: host: 'AMX-RL-20-348-W', ip: '10.10.7.51', os.name: 'Windows 10', os.arch: 'amd64', os.version: '10.0', java.version: '1.8.0_181'
Driver info: org.openqa.selenium.chrome.ChromeDriver
Capabilities {acceptInsecureCerts: false, browserName: chrome, browserVersion: 103.0.5060.66, chrome: {chromedriverVersion: 103.0.5060.53 (a1711811edd7..., userDataDir: C:\Users\VENKAT~1.T\AppData...}, goog:chromeOptions: {debuggerAddress: localhost:52425}, javascriptEnabled: true, networkConnectionEnabled: false, pageLoadStrategy: normal, platform: WINDOWS, platformName: WINDOWS, proxy: Proxy(), setWindowRect: true, strictFileInteractability: false, timeouts: {implicit: 0, pageLoad: 300000, script: 30000}, unhandledPromptBehavior: dismiss and notify, webauthn:extension:credBlob: true, webauthn:extension:largeBlob: true, webauthn:virtualAuthenticators: true}
Session ID: fc0a2acb2c68e8be8947d5a5b7a3a831
at org.openqa.selenium.remote.http.W3CHttpResponseCodec.createException(W3CHttpResponseCodec.java:187)
at org.openqa.selenium.remote.http.W3CHttpResponseCodec.decode(W3CHttpResponseCodec.java:122)
at org.openqa.selenium.remote.http.W3CHttpResponseCodec.decode(W3CHttpResponseCodec.java:49)
at org.openqa.selenium.remote.HttpCommandExecutor.execute(HttpCommandExecutor.java:158)
at org.openqa.selenium.remote.service.DriverCommandExecutor.execute(DriverCommandExecutor.java:83)
at org.openqa.selenium.remote.RemoteWebDriver.execute(RemoteWebDriver.java:552)
at org.openqa.selenium.remote.RemoteWebElement.execute(RemoteWebElement.java:285)
at org.openqa.selenium.remote.RemoteWebElement.click(RemoteWebElement.java:84)
at icivics_pages.StudentReg1classcode.clickOptionallink(StudentReg1classcode.java:51)
at icivics_testcases.StudentRegistration1classcode_Test.C431_verifyAsteriks(StudentRegistration1classcode_Test.java:88)
at java.util.ArrayList.forEach(Unknown Source)
... Removed 30 stack frames]]>
    </failure>
  </testcase> <!-- C431_verifyAsteriks -->
  <testcase name="C432_verifyinvaliderrormsg" time="8.416" classname="icivics_testcases.StudentRegistration1classcode_Test">
    <failure type="java.lang.NullPointerException">
      <![CDATA[java.lang.NullPointerException
at icivics_pages.StudentReg1classcode.verifyinvaliderrormsg(StudentReg1classcode.java:364)
at icivics_testcases.StudentRegistration1classcode_Test.C432_verifyinvaliderrormsg(StudentRegistration1classcode_Test.java:100)
at java.util.ArrayList.forEach(Unknown Source)
... Removed 27 stack frames]]>
    </failure>
  </testcase> <!-- C432_verifyinvaliderrormsg -->
  <testcase name="C433_verifyerrormsgverifyemailblankfield" time="49.596" classname="icivics_testcases.StudentRegistration1classcode_Test"/>
  <testcase name="C434_verifyinvaliderrormsg2" time="9.159" classname="icivics_testcases.StudentRegistration1classcode_Test"/>
  <testcase name="C435_verifyregistrationwithvalidvalue" time="8.049" classname="icivics_testcases.StudentRegistration1classcode_Test">
    <failure type="org.openqa.selenium.WebDriverException" message="unknown error: cannot determine loading status
from unknown error: unexpected command response
  (Session info: chrome=103.0.5060.66)
Build info: version: &amp;apos;3.141.59&amp;apos;, revision: &amp;apos;e82be7d358&amp;apos;, time: &amp;apos;2018-11-14T08:17:03&amp;apos;
System info: host: &amp;apos;AMX-RL-20-348-W&amp;apos;, ip: &amp;apos;10.10.7.51&amp;apos;, os.name: &amp;apos;Windows 10&amp;apos;, os.arch: &amp;apos;amd64&amp;apos;, os.version: &amp;apos;10.0&amp;apos;, java.version: &amp;apos;1.8.0_181&amp;apos;
Driver info: org.openqa.selenium.chrome.ChromeDriver
Capabilities {acceptInsecureCerts: false, browserName: chrome, browserVersion: 103.0.5060.66, chrome: {chromedriverVersion: 103.0.5060.53 (a1711811edd7..., userDataDir: C:\Users\VENKAT~1.T\AppData...}, goog:chromeOptions: {debuggerAddress: localhost:52576}, javascriptEnabled: true, networkConnectionEnabled: false, pageLoadStrategy: normal, platform: WINDOWS, platformName: WINDOWS, proxy: Proxy(), setWindowRect: true, strictFileInteractability: false, timeouts: {implicit: 0, pageLoad: 300000, script: 30000}, unhandledPromptBehavior: dismiss and notify, webauthn:extension:credBlob: true, webauthn:extension:largeBlob: true, webauthn:virtualAuthenticators: true}
Session ID: 9fd07bae1e0f680ed9197f475a2569f7">
      <![CDATA[org.openqa.selenium.WebDriverException: unknown error: cannot determine loading status
from unknown error: unexpected command response
  (Session info: chrome=103.0.5060.66)
Build info: version: '3.141.59', revision: 'e82be7d358', time: '2018-11-14T08:17:03'
System info: host: 'AMX-RL-20-348-W', ip: '10.10.7.51', os.name: 'Windows 10', os.arch: 'amd64', os.version: '10.0', java.version: '1.8.0_181'
Driver info: org.openqa.selenium.chrome.ChromeDriver
Capabilities {acceptInsecureCerts: false, browserName: chrome, browserVersion: 103.0.5060.66, chrome: {chromedriverVersion: 103.0.5060.53 (a1711811edd7..., userDataDir: C:\Users\VENKAT~1.T\AppData...}, goog:chromeOptions: {debuggerAddress: localhost:52576}, javascriptEnabled: true, networkConnectionEnabled: false, pageLoadStrategy: normal, platform: WINDOWS, platformName: WINDOWS, proxy: Proxy(), setWindowRect: true, strictFileInteractability: false, timeouts: {implicit: 0, pageLoad: 300000, script: 30000}, unhandledPromptBehavior: dismiss and notify, webauthn:extension:credBlob: true, webauthn:extension:largeBlob: true, webauthn:virtualAuthenticators: true}
Session ID: 9fd07bae1e0f680ed9197f475a2569f7
at org.openqa.selenium.remote.http.W3CHttpResponseCodec.createException(W3CHttpResponseCodec.java:187)
at org.openqa.selenium.remote.http.W3CHttpResponseCodec.decode(W3CHttpResponseCodec.java:122)
at org.openqa.selenium.remote.http.W3CHttpResponseCodec.decode(W3CHttpResponseCodec.java:49)
at org.openqa.selenium.remote.HttpCommandExecutor.execute(HttpCommandExecutor.java:158)
at org.openqa.selenium.remote.service.DriverCommandExecutor.execute(DriverCommandExecutor.java:83)
at org.openqa.selenium.remote.RemoteWebDriver.execute(RemoteWebDriver.java:552)
at org.openqa.selenium.remote.RemoteWebElement.execute(RemoteWebElement.java:285)
at org.openqa.selenium.remote.RemoteWebElement.click(RemoteWebElement.java:84)
at selenium.base.SeleniumBase.click(SeleniumBase.java:59)
at icivics_pages.StudentReg1classcode.verifyregistrationwithvalidvalue(StudentReg1classcode.java:749)
at icivics_testcases.StudentRegistration1classcode_Test.C435_verifyregistrationwithvalidvalue(StudentRegistration1classcode_Test.java:133)
at java.util.ArrayList.forEach(Unknown Source)
... Removed 30 stack frames]]>
    </failure>
  </testcase> <!-- C435_verifyregistrationwithvalidvalue -->
  <testcase name="C383_Verifybreadcrumbs" time="3.744" classname="icivics_testcases.StudentRegistration1Email_Test"/>
  <testcase name="C384_Verifybreadcrumbspage" time="3.034" classname="icivics_testcases.StudentRegistration1Email_Test"/>
  <testcase name="C385_Verifyvideolink" time="15.018" classname="icivics_testcases.StudentRegistration1Email_Test"/>
  <testcase name="C387_verifytextfields" time="5.327" classname="icivics_testcases.StudentRegistration1Email_Test"/>
  <testcase name="C388_verifyusernamepregenerated" time="8.857" classname="icivics_testcases.StudentRegistration1Email_Test"/>
  <testcase name="C389_verifyusernamepregeneratedrandomly" time="15.25" classname="icivics_testcases.StudentRegistration1Email_Test"/>
  <testcase name="C390_verifyentertextinallfields" time="6.373" classname="icivics_testcases.StudentRegistration1Email_Test"/>
  <testcase name="C391_verifyfieldsmarkedwithanasterisk" time="4.357" classname="icivics_testcases.StudentRegistration1Email_Test"/>
  <testcase name="C392_verifyemailtooltips" time="3.877" classname="icivics_testcases.StudentRegistration1Email_Test"/>
  <testcase name="C393_verifyemailerrormsg" time="11.128" classname="icivics_testcases.StudentRegistration1Email_Test"/>
  <testcase name="C394_verifyblankerrormsg" time="40.325" classname="icivics_testcases.StudentRegistration1Email_Test"/>
  <testcase name="C396_verifyvalidregistration" time="14.396" classname="icivics_testcases.StudentRegistration1Email_Test"/>
  <testcase name="C397_Verifyclasscodelink" time="3.844" classname="icivics_testcases.StudentRegistration1Email_Test">
    <failure type="org.openqa.selenium.WebDriverException" message="unknown error: cannot determine loading status
from unknown error: unexpected command response
  (Session info: chrome=103.0.5060.66)
Build info: version: &amp;apos;3.141.59&amp;apos;, revision: &amp;apos;e82be7d358&amp;apos;, time: &amp;apos;2018-11-14T08:17:03&amp;apos;
System info: host: &amp;apos;AMX-RL-20-348-W&amp;apos;, ip: &amp;apos;10.10.7.51&amp;apos;, os.name: &amp;apos;Windows 10&amp;apos;, os.arch: &amp;apos;amd64&amp;apos;, os.version: &amp;apos;10.0&amp;apos;, java.version: &amp;apos;1.8.0_181&amp;apos;
Driver info: org.openqa.selenium.chrome.ChromeDriver
Capabilities {acceptInsecureCerts: false, browserName: chrome, browserVersion: 103.0.5060.66, chrome: {chromedriverVersion: 103.0.5060.53 (a1711811edd7..., userDataDir: C:\Users\VENKAT~1.T\AppData...}, goog:chromeOptions: {debuggerAddress: localhost:53047}, javascriptEnabled: true, networkConnectionEnabled: false, pageLoadStrategy: normal, platform: WINDOWS, platformName: WINDOWS, proxy: Proxy(), setWindowRect: true, strictFileInteractability: false, timeouts: {implicit: 0, pageLoad: 300000, script: 30000}, unhandledPromptBehavior: dismiss and notify, webauthn:extension:credBlob: true, webauthn:extension:largeBlob: true, webauthn:virtualAuthenticators: true}
Session ID: e1b17ef3bd15cf4d5015f1685e4e1d02">
      <![CDATA[org.openqa.selenium.WebDriverException: unknown error: cannot determine loading status
from unknown error: unexpected command response
  (Session info: chrome=103.0.5060.66)
Build info: version: '3.141.59', revision: 'e82be7d358', time: '2018-11-14T08:17:03'
System info: host: 'AMX-RL-20-348-W', ip: '10.10.7.51', os.name: 'Windows 10', os.arch: 'amd64', os.version: '10.0', java.version: '1.8.0_181'
Driver info: org.openqa.selenium.chrome.ChromeDriver
Capabilities {acceptInsecureCerts: false, browserName: chrome, browserVersion: 103.0.5060.66, chrome: {chromedriverVersion: 103.0.5060.53 (a1711811edd7..., userDataDir: C:\Users\VENKAT~1.T\AppData...}, goog:chromeOptions: {debuggerAddress: localhost:53047}, javascriptEnabled: true, networkConnectionEnabled: false, pageLoadStrategy: normal, platform: WINDOWS, platformName: WINDOWS, proxy: Proxy(), setWindowRect: true, strictFileInteractability: false, timeouts: {implicit: 0, pageLoad: 300000, script: 30000}, unhandledPromptBehavior: dismiss and notify, webauthn:extension:credBlob: true, webauthn:extension:largeBlob: true, webauthn:virtualAuthenticators: true}
Session ID: e1b17ef3bd15cf4d5015f1685e4e1d02
at org.openqa.selenium.remote.http.W3CHttpResponseCodec.createException(W3CHttpResponseCodec.java:187)
at org.openqa.selenium.remote.http.W3CHttpResponseCodec.decode(W3CHttpResponseCodec.java:122)
at org.openqa.selenium.remote.http.W3CHttpResponseCodec.decode(W3CHttpResponseCodec.java:49)
at org.openqa.selenium.remote.HttpCommandExecutor.execute(HttpCommandExecutor.java:158)
at org.openqa.selenium.remote.service.DriverCommandExecutor.execute(DriverCommandExecutor.java:83)
at org.openqa.selenium.remote.RemoteWebDriver.execute(RemoteWebDriver.java:552)
at org.openqa.selenium.remote.RemoteWebElement.execute(RemoteWebElement.java:285)
at org.openqa.selenium.remote.RemoteWebElement.click(RemoteWebElement.java:84)
at icivics_pages.StudentReg1Email.verifyclasscodelink(StudentReg1Email.java:797)
at icivics_testcases.StudentRegistration1Email_Test.C397_Verifyclasscodelink(StudentRegistration1Email_Test.java:144)
at java.util.ArrayList.forEach(Unknown Source)
... Removed 30 stack frames]]>
    </failure>
  </testcase> <!-- C397_Verifyclasscodelink -->
  <testcase name="C398_verifypagecount2" time="8.985" classname="icivics_testcases.StudentRegistration2classcode_Test"/>
  <testcase name="C399_Clickbackbutton" time="15.359" classname="icivics_testcases.StudentRegistration2classcode_Test"/>
  <testcase name="C400_verifyfieldsisremembered" time="12.241" classname="icivics_testcases.StudentRegistration2classcode_Test"/>
  <testcase name="C403_clickontermsofuselink" time="25.444" classname="icivics_testcases.StudentRegistration2classcode_Test"/>
  <testcase name="C404_clickprivacypolicy" time="19.778" classname="icivics_testcases.StudentRegistration2classcode_Test"/>
  <testcase name="C405_verifypage2SignUpforEmailsfield" time="12.65" classname="icivics_testcases.StudentRegistration2classcode_Test"/>
  <testcase name="C408_hoveronpwdfield" time="15.854" classname="icivics_testcases.StudentRegistration2classcode_Test"/>
  <testcase name="C409_VerifyPasswordstrengthmeter" time="14.449" classname="icivics_testcases.StudentRegistration2classcode_Test"/>
  <testcase name="C410_VerifyPasswordindicatormatch" time="12.947" classname="icivics_testcases.StudentRegistration2classcode_Test">
    <failure type="java.lang.NullPointerException">
      <![CDATA[java.lang.NullPointerException
at icivics_pages.StudentReg2classcode.VerifyPasswordindicatormatch(StudentReg2classcode.java:310)
at icivics_testcases.StudentRegistration2classcode_Test.C410_VerifyPasswordindicatormatch(StudentRegistration2classcode_Test.java:113)
at java.util.ArrayList.forEach(Unknown Source)
... Removed 27 stack frames]]>
    </failure>
  </testcase> <!-- C410_VerifyPasswordindicatormatch -->
  <testcase name="C412_verifyenterinvaliddata" time="20.538" classname="icivics_testcases.StudentRegistration2classcode_Test"/>
  <testcase name="C412_verifytermsofuseandprivacycheckbox" time="12.771" classname="icivics_testcases.StudentRegistration2classcode_Test"/>
  <testcase name="C413_verifyblankerrormsg" time="17.369" classname="icivics_testcases.StudentRegistration2classcode_Test"/>
  <testcase name="C414_verifypage3loaded" time="18.284" classname="icivics_testcases.StudentRegistration2classcode_Test"/>
  <testcase name="C398_verifypagecount2" time="7.74" classname="icivics_testcases.StudentRegistration2Email_Test"/>
  <testcase name="C399_Clickbackbutton" time="13.483" classname="icivics_testcases.StudentRegistration2Email_Test"/>
  <testcase name="C400_verifyfieldsisremembered" time="16.165" classname="icivics_testcases.StudentRegistration2Email_Test"/>
  <testcase name="C403_clickontermsofuselink" time="31.651" classname="icivics_testcases.StudentRegistration2Email_Test"/>
  <testcase name="C404_clickprivacypolicy" time="18.607" classname="icivics_testcases.StudentRegistration2Email_Test"/>
  <testcase name="C405_verifypage2SignUpforEmailsfield" time="7.76" classname="icivics_testcases.StudentRegistration2Email_Test"/>
  <testcase name="C408_hoveronpwdfield" time="7.822" classname="icivics_testcases.StudentRegistration2Email_Test"/>
  <testcase name="C409_VerifyPasswordstrengthmeter" time="10.695" classname="icivics_testcases.StudentRegistration2Email_Test"/>
  <testcase name="C410_VerifyPasswordindicatormatch" time="8.157" classname="icivics_testcases.StudentRegistration2Email_Test"/>
  <testcase name="C412_verifyenterinvaliddata" time="13.165" classname="icivics_testcases.StudentRegistration2Email_Test"/>
  <testcase name="C412_verifytermsofuseandprivacycheckbox" time="11.999" classname="icivics_testcases.StudentRegistration2Email_Test"/>
  <testcase name="C413_verifyblankerrormsg" time="15.016" classname="icivics_testcases.StudentRegistration2Email_Test"/>
  <testcase name="C414_verifypage3loaded" time="16.666" classname="icivics_testcases.StudentRegistration2Email_Test"/>
  <testcase name="C454_verifypagecount3" time="17.529" classname="icivics_testcases.StudentRegistration3classcode_Test"/>
  <testcase name="C455_verifyusernamegenerateddisplay" time="20.176" classname="icivics_testcases.StudentRegistration3classcode_Test"/>
  <testcase name="C456_verifyusernametextddisplay" time="16.872" classname="icivics_testcases.StudentRegistration3classcode_Test"/>
  <testcase name="C457_verifyemailddisplay" time="20.269" classname="icivics_testcases.StudentRegistration3classcode_Test"/>
  <testcase name="C458_verifyemailtextddisplay" time="17.199" classname="icivics_testcases.StudentRegistration3classcode_Test"/>
  <testcase name="C459_clickcontinuetomyassignmentbutton" time="22.954" classname="icivics_testcases.StudentRegistration3classcode_Test"/>
  <testcase name="C372_verifypagecount3" time="16.209" classname="icivics_testcases.StudentRegistration3Email_Test"/>
  <testcase name="C373_verifycheckmsgdisplay" time="15.765" classname="icivics_testcases.StudentRegistration3Email_Test"/>
  <testcase name="C374_verifycheckmsgdisplay" time="16.0" classname="icivics_testcases.StudentRegistration3Email_Test"/>
  <testcase name="C375_verifyregisteredemaildisplay" time="15.959" classname="icivics_testcases.StudentRegistration3Email_Test"/>
  <testcase name="C376_verifyresendbutton" time="6.222" classname="icivics_testcases.StudentRegistration3Email_Test">
    <failure type="org.openqa.selenium.WebDriverException" message="unknown error: cannot determine loading status
from unknown error: unexpected command response
  (Session info: chrome=103.0.5060.66)
Build info: version: &amp;apos;3.141.59&amp;apos;, revision: &amp;apos;e82be7d358&amp;apos;, time: &amp;apos;2018-11-14T08:17:03&amp;apos;
System info: host: &amp;apos;AMX-RL-20-348-W&amp;apos;, ip: &amp;apos;10.10.7.51&amp;apos;, os.name: &amp;apos;Windows 10&amp;apos;, os.arch: &amp;apos;amd64&amp;apos;, os.version: &amp;apos;10.0&amp;apos;, java.version: &amp;apos;1.8.0_181&amp;apos;
Driver info: org.openqa.selenium.chrome.ChromeDriver
Capabilities {acceptInsecureCerts: false, browserName: chrome, browserVersion: 103.0.5060.66, chrome: {chromedriverVersion: 103.0.5060.53 (a1711811edd7..., userDataDir: C:\Users\VENKAT~1.T\AppData...}, goog:chromeOptions: {debuggerAddress: localhost:54455}, javascriptEnabled: true, networkConnectionEnabled: false, pageLoadStrategy: normal, platform: WINDOWS, platformName: WINDOWS, proxy: Proxy(), setWindowRect: true, strictFileInteractability: false, timeouts: {implicit: 0, pageLoad: 300000, script: 30000}, unhandledPromptBehavior: dismiss and notify, webauthn:extension:credBlob: true, webauthn:extension:largeBlob: true, webauthn:virtualAuthenticators: true}
Session ID: f82fee9f0ea7d36b141bf6cdb4a18152">
      <![CDATA[org.openqa.selenium.WebDriverException: unknown error: cannot determine loading status
from unknown error: unexpected command response
  (Session info: chrome=103.0.5060.66)
Build info: version: '3.141.59', revision: 'e82be7d358', time: '2018-11-14T08:17:03'
System info: host: 'AMX-RL-20-348-W', ip: '10.10.7.51', os.name: 'Windows 10', os.arch: 'amd64', os.version: '10.0', java.version: '1.8.0_181'
Driver info: org.openqa.selenium.chrome.ChromeDriver
Capabilities {acceptInsecureCerts: false, browserName: chrome, browserVersion: 103.0.5060.66, chrome: {chromedriverVersion: 103.0.5060.53 (a1711811edd7..., userDataDir: C:\Users\VENKAT~1.T\AppData...}, goog:chromeOptions: {debuggerAddress: localhost:54455}, javascriptEnabled: true, networkConnectionEnabled: false, pageLoadStrategy: normal, platform: WINDOWS, platformName: WINDOWS, proxy: Proxy(), setWindowRect: true, strictFileInteractability: false, timeouts: {implicit: 0, pageLoad: 300000, script: 30000}, unhandledPromptBehavior: dismiss and notify, webauthn:extension:credBlob: true, webauthn:extension:largeBlob: true, webauthn:virtualAuthenticators: true}
Session ID: f82fee9f0ea7d36b141bf6cdb4a18152
at org.openqa.selenium.remote.http.W3CHttpResponseCodec.createException(W3CHttpResponseCodec.java:187)
at org.openqa.selenium.remote.http.W3CHttpResponseCodec.decode(W3CHttpResponseCodec.java:122)
at org.openqa.selenium.remote.http.W3CHttpResponseCodec.decode(W3CHttpResponseCodec.java:49)
at org.openqa.selenium.remote.HttpCommandExecutor.execute(HttpCommandExecutor.java:158)
at org.openqa.selenium.remote.service.DriverCommandExecutor.execute(DriverCommandExecutor.java:83)
at org.openqa.selenium.remote.RemoteWebDriver.execute(RemoteWebDriver.java:552)
at org.openqa.selenium.remote.RemoteWebElement.execute(RemoteWebElement.java:285)
at org.openqa.selenium.remote.RemoteWebElement.click(RemoteWebElement.java:84)
at icivics_pages.StudentReg3Email.verifywithvaliddata(StudentReg3Email.java:67)
at icivics_testcases.StudentRegistration3Email_Test.C376_verifyresendbutton(StudentRegistration3Email_Test.java:64)
at java.util.ArrayList.forEach(Unknown Source)
... Removed 30 stack frames]]>
    </failure>
  </testcase> <!-- C376_verifyresendbutton -->
  <testcase name="C377_verifyconfirmationemail" time="21.326" classname="icivics_testcases.StudentRegistration3Email_Test"/>
  <testcase name="C1_VerifyLogo" time="8.465" classname="icivics_testcases.HP_1Header_Test"/>
  <testcase name="C2_VerifyHeaderbuttonforanonymoususer" time="13.768" classname="icivics_testcases.HP_1Header_Test"/>
  <testcase name="C2_VerifyHeaderbuttonforauthenticateduser" time="12.807" classname="icivics_testcases.HP_1Header_Test"/>
  <testcase name="C1538_Verifydonationpopup" time="7.578" classname="icivics_testcases.HP_1Header_Test"/>
  <testcase name="C3_Verifyheaderbuttonsforanonymoususer" time="11.456" classname="icivics_testcases.HP_1TeacherHeader_Test"/>
  <testcase name="C3_Verifyheaderbuttonsforauthenticateduser" time="15.437" classname="icivics_testcases.HP_1TeacherHeader_Test"/>
  <testcase name="C4_Verifyheaderelemets" time="154.196" classname="icivics_testcases.HP_1TeacherHeader_Test"/>
  <testcase name="C6_Verifyheaderbuttonhoverforanonymoususer" time="70.322" classname="icivics_testcases.HP_1TeacherHeader_Test"/>
  <testcase name="C6_verifyaheaderbuttonhoverforauthenticateduser" time="69.145" classname="icivics_testcases.HP_1TeacherHeader_Test"/>
  <testcase name="C7_verifyresizeheaderintohamburger" time="32.011" classname="icivics_testcases.HP_1TeacherHeader_Test"/>
  <testcase name="C8_Verifyplaysubmenu" time="4.697" classname="icivics_testcases.HP_2Headerplay_Test"/>
  <testcase name="C9_Verifyplaybuttonlist" time="7.363" classname="icivics_testcases.HP_2Headerplay_Test"/>
  <testcase name="C10_Verifyplaybuttonelements" time="128.835" classname="icivics_testcases.HP_2Headerplay_Test"/>
  <testcase name="C12_Verifypageisunderlined" time="278.158" classname="icivics_testcases.HP_2Headerplay_Test"/>
  <testcase name="C13_Verifyclickonplaybuttonagain" time="5.032" classname="icivics_testcases.HP_2Headerplay_Test"/>
  <testcase name="C15_Verifyteachsubmenu" time="3.175" classname="icivics_testcases.HP_3HeaderTeach_Test"/>
  <testcase name="C16_Verifysubmenucount" time="4.073" classname="icivics_testcases.HP_3HeaderTeach_Test"/>
  <testcase name="C17_Verifyteachbuttonelements" time="34.045" classname="icivics_testcases.HP_3HeaderTeach_Test"/>
  <testcase name="C20_verifyclickteachbuttonagain" time="8.936" classname="icivics_testcases.HP_3HeaderTeach_Test"/>
  <testcase name="C19_Verifyteachsubmenu" time="74.979" classname="icivics_testcases.HP_3Headerteach2_Test"/>
  <testcase name="C22_Verifyaboutsubmenu" time="10.217" classname="icivics_testcases.HP_4HeaderAbout_Test"/>
  <testcase name="C23_Verifysubmenucount" time="6.119" classname="icivics_testcases.HP_4HeaderAbout_Test"/>
  <testcase name="C24_VerifysubmenuElement" time="52.149" classname="icivics_testcases.HP_4HeaderAbout_Test"/>
  <testcase name="C27_Verifyclickaboutbuttonagain" time="8.004" classname="icivics_testcases.HP_4HeaderAbout_Test"/>
  <testcase name="C29_Verifydonatebutton" time="9.062" classname="icivics_testcases.HP_5HeaderMyicivicsMisc_Test"/>
  <testcase name="C30_Verifydonatebuttonclick" time="16.362" classname="icivics_testcases.HP_5HeaderMyicivicsMisc_Test"/>
  <testcase name="C31_Verifyshopbutton" time="8.095" classname="icivics_testcases.HP_5HeaderMyicivicsMisc_Test"/>
  <testcase name="C32_Verifyshopbuttonclick" time="11.061" classname="icivics_testcases.HP_5HeaderMyicivicsMisc_Test"/>
  <testcase name="C34_VerifyIcivicsbutton" time="7.33" classname="icivics_testcases.HP_5HeaderMyicivicsMisc_Test"/>
  <testcase name="C35_Verifytheavatar" time="11.514" classname="icivics_testcases.HP_5HeaderMyicivicsMisc_Test"/>
  <testcase name="C35_Verifythenoavatar" time="7.972" classname="icivics_testcases.HP_5HeaderMyicivicsMisc_Test"/>
  <testcase name="C36_VerifyIcivicssubmenu" time="12.491" classname="icivics_testcases.HP_5HeaderMyicivicsMisc_Test"/>
  <testcase name="C37_VerifyIcivicssubmenu" time="9.938" classname="icivics_testcases.HP_5HeaderMyicivicsMisc_Test"/>
  <testcase name="C39_Myicivicsbuttonelementsverification" time="26.735" classname="icivics_testcases.HP_5HeaderMyicivicsMisc_Test"/>
  <testcase name="C41_verifyselectpageisunderlined" time="51.172" classname="icivics_testcases.HP_5HeaderMyicivicsMisc_Test"/>
  <testcase name="C42_Verifymyicivicsbuttonsubmenuclose" time="9.063" classname="icivics_testcases.HP_5HeaderMyicivicsMisc_Test"/>
  <testcase name="C29_Verifydonatebutton" time="3.263" classname="icivics_testcases.HP_5HeaderSigninMisc_Test"/>
  <testcase name="C30_Verifydonatebuttonclick" time="12.137" classname="icivics_testcases.HP_5HeaderSigninMisc_Test"/>
  <testcase name="C31_Verifyshopbutton" time="3.071" classname="icivics_testcases.HP_5HeaderSigninMisc_Test"/>
  <testcase name="C32_Verifyshopbuttonclick" time="6.147" classname="icivics_testcases.HP_5HeaderSigninMisc_Test"/>
  <testcase name="C33_Verifysigninbuttonforanonymoususer" time="3.441" classname="icivics_testcases.HP_5HeaderSigninMisc_Test"/>
  <testcase name="C37_Verifysigninbuttonsubmenu" time="4.884" classname="icivics_testcases.HP_5HeaderSigninMisc_Test"/>
  <testcase name="C38_Verifysigninbuttonsubmenu" time="13.31" classname="icivics_testcases.HP_5HeaderSigninMisc_Test"/>
  <testcase name="C41_Verifysubmenuoptionisunderlined" time="45.38" classname="icivics_testcases.HP_5HeaderSigninMisc_Test"/>
  <testcase name="C42_Verifysubmenuoptionisunderlined" time="4.224" classname="icivics_testcases.HP_5HeaderSigninMisc_Test"/>
  <testcase name="@BeforeSuite startReport" time="0.0" classname="utilities.Reporter">
    <ignored/>
  </testcase> <!-- @BeforeSuite startReport -->
  <testcase name="@BeforeSuite startReport" time="0.0" classname="utilities.Reporter">
    <ignored/>
  </testcase> <!-- @BeforeSuite startReport -->
  <testcase name="@BeforeSuite startReport" time="0.0" classname="utilities.Reporter">
    <ignored/>
  </testcase> <!-- @BeforeSuite startReport -->
  <testcase name="@BeforeSuite startReport" time="0.0" classname="utilities.Reporter">
    <ignored/>
  </testcase> <!-- @BeforeSuite startReport -->
  <testcase name="@BeforeSuite startReport" time="0.0" classname="utilities.Reporter">
    <ignored/>
  </testcase> <!-- @BeforeSuite startReport -->
  <testcase name="@BeforeSuite startReport" time="0.0" classname="utilities.Reporter">
    <ignored/>
  </testcase> <!-- @BeforeSuite startReport -->
  <testcase name="@BeforeSuite startReport" time="0.0" classname="utilities.Reporter">
    <ignored/>
  </testcase> <!-- @BeforeSuite startReport -->
  <testcase name="@BeforeSuite startReport" time="0.0" classname="utilities.Reporter">
    <ignored/>
  </testcase> <!-- @BeforeSuite startReport -->
  <testcase name="@BeforeSuite startReport" time="0.0" classname="utilities.Reporter">
    <ignored/>
  </testcase> <!-- @BeforeSuite startReport -->
  <testcase name="@BeforeSuite startReport" time="0.0" classname="utilities.Reporter">
    <ignored/>
  </testcase> <!-- @BeforeSuite startReport -->
  <testcase name="@BeforeSuite startReport" time="0.0" classname="utilities.Reporter">
    <ignored/>
  </testcase> <!-- @BeforeSuite startReport -->
  <testcase name="@BeforeSuite startReport" time="0.0" classname="utilities.Reporter">
    <ignored/>
  </testcase> <!-- @BeforeSuite startReport -->
  <testcase name="@BeforeSuite startReport" time="0.0" classname="utilities.Reporter">
    <ignored/>
  </testcase> <!-- @BeforeSuite startReport -->
  <testcase name="@BeforeSuite startReport" time="0.0" classname="utilities.Reporter">
    <ignored/>
  </testcase> <!-- @BeforeSuite startReport -->
  <testcase name="@BeforeSuite startReport" time="0.0" classname="utilities.Reporter">
    <ignored/>
  </testcase> <!-- @BeforeSuite startReport -->
  <testcase name="@BeforeSuite startReport" time="0.0" classname="utilities.Reporter">
    <ignored/>
  </testcase> <!-- @BeforeSuite startReport -->
  <testcase name="@BeforeSuite startReport" time="0.0" classname="utilities.Reporter">
    <ignored/>
  </testcase> <!-- @BeforeSuite startReport -->
  <testcase name="@BeforeSuite startReport" time="0.0" classname="utilities.Reporter">
    <ignored/>
  </testcase> <!-- @BeforeSuite startReport -->
  <testcase name="@BeforeSuite startReport" time="0.0" classname="utilities.Reporter">
    <ignored/>
  </testcase> <!-- @BeforeSuite startReport -->
  <testcase name="@AfterSuite stopReport" time="0.0" classname="utilities.Reporter">
    <ignored/>
  </testcase> <!-- @AfterSuite stopReport -->
  <testcase name="@AfterSuite stopReport" time="0.0" classname="utilities.Reporter">
    <ignored/>
  </testcase> <!-- @AfterSuite stopReport -->
  <testcase name="@AfterSuite stopReport" time="0.0" classname="utilities.Reporter">
    <ignored/>
  </testcase> <!-- @AfterSuite stopReport -->
  <testcase name="@AfterSuite stopReport" time="0.0" classname="utilities.Reporter">
    <ignored/>
  </testcase> <!-- @AfterSuite stopReport -->
  <testcase name="@AfterSuite stopReport" time="0.0" classname="utilities.Reporter">
    <ignored/>
  </testcase> <!-- @AfterSuite stopReport -->
  <testcase name="@AfterSuite stopReport" time="0.0" classname="utilities.Reporter">
    <ignored/>
  </testcase> <!-- @AfterSuite stopReport -->
  <testcase name="@AfterSuite stopReport" time="0.0" classname="utilities.Reporter">
    <ignored/>
  </testcase> <!-- @AfterSuite stopReport -->
  <testcase name="@AfterSuite stopReport" time="0.0" classname="utilities.Reporter">
    <ignored/>
  </testcase> <!-- @AfterSuite stopReport -->
  <testcase name="@AfterSuite stopReport" time="0.0" classname="utilities.Reporter">
    <ignored/>
  </testcase> <!-- @AfterSuite stopReport -->
  <testcase name="@AfterSuite stopReport" time="0.0" classname="utilities.Reporter">
    <ignored/>
  </testcase> <!-- @AfterSuite stopReport -->
  <testcase name="@AfterSuite stopReport" time="0.0" classname="utilities.Reporter">
    <ignored/>
  </testcase> <!-- @AfterSuite stopReport -->
  <testcase name="@AfterSuite stopReport" time="0.0" classname="utilities.Reporter">
    <ignored/>
  </testcase> <!-- @AfterSuite stopReport -->
  <testcase name="@AfterSuite stopReport" time="0.0" classname="utilities.Reporter">
    <ignored/>
  </testcase> <!-- @AfterSuite stopReport -->
  <testcase name="@AfterSuite stopReport" time="0.0" classname="utilities.Reporter">
    <ignored/>
  </testcase> <!-- @AfterSuite stopReport -->
  <testcase name="@AfterSuite stopReport" time="0.0" classname="utilities.Reporter">
    <ignored/>
  </testcase> <!-- @AfterSuite stopReport -->
  <testcase name="@AfterSuite stopReport" time="0.0" classname="utilities.Reporter">
    <ignored/>
  </testcase> <!-- @AfterSuite stopReport -->
  <testcase name="@AfterSuite stopReport" time="0.0" classname="utilities.Reporter">
    <ignored/>
  </testcase> <!-- @AfterSuite stopReport -->
  <testcase name="@AfterSuite stopReport" time="0.0" classname="utilities.Reporter">
    <ignored/>
  </testcase> <!-- @AfterSuite stopReport -->
  <testcase name="@AfterSuite stopReport" time="0.0" classname="utilities.Reporter">
    <ignored/>
  </testcase> <!-- @AfterSuite stopReport -->
</testsuite> <!-- Regression_TestScripts -->
