<?xml version="1.0" encoding="UTF-8"?>
<!-- Generated by org.testng.reporters.JUnitXMLReporter -->
<testsuite ignored="38" hostname="AMX-RL-20-348-W" failures="6" tests="162" name="Test" time="3540.606" errors="0" timestamp="2022-07-01T15:18:08 IST">
  <testcase classname="icivics_testcases.Icivics2_EducatorRegistration1_Test" name="C327_verifybreadcrumbspage1" time="3.612"/>
  <testcase classname="icivics_testcases.Icivics2_EducatorRegistration1_Test" name="C328_verifytextfields" time="4.419"/>
  <testcase classname="icivics_testcases.Icivics2_EducatorRegistration1_Test" name="C329_verifyusernamepregenerated" time="8.441"/>
  <testcase classname="icivics_testcases.Icivics2_EducatorRegistration1_Test" name="C330_verifyusernamepregeneratedrandomly" time="14.727"/>
  <testcase classname="icivics_testcases.Icivics2_EducatorRegistration1_Test" name="C331_verifyentertextinallfields" time="3.757"/>
  <testcase classname="icivics_testcases.Icivics2_EducatorRegistration1_Test" name="C332_verifyfieldsmarkedwithanasterisk" time="3.118"/>
  <testcase classname="icivics_testcases.Icivics2_EducatorRegistration1_Test" name="C333_verifyemailtooltips" time="3.324"/>
  <testcase classname="icivics_testcases.Icivics2_EducatorRegistration1_Test" name="C334_verifyemailerrormsg" time="10.314"/>
  <testcase classname="icivics_testcases.Icivics2_EducatorRegistration1_Test" name="C335_verifyblankerrormsg" time="42.336"/>
  <testcase classname="icivics_testcases.Icivics2_EducatorRegistration1_Test" name="C336_verifyinvaliderrormsg" time="4.495">
    <failure type="java.lang.NullPointerException" message="Cannot invoke &amp;quot;org.openqa.selenium.WebElement.getText()&amp;quot; because &amp;quot;alertmsg&amp;quot; is null">
      <![CDATA[java.lang.NullPointerException: Cannot invoke "org.openqa.selenium.WebElement.getText()" because "alertmsg" is null
at icivics_pages.Icivics_EducatorReg1.verifyinvaliderrormsg(Icivics_EducatorReg1.java:593)
at icivics_testcases.Icivics2_EducatorRegistration1_Test.C336_verifyinvaliderrormsg(Icivics2_EducatorRegistration1_Test.java:120)
at java.base/java.util.ArrayList.forEach(ArrayList.java:1511)
... Removed 27 stack frames]]>
    </failure>
  </testcase> <!-- C336_verifyinvaliderrormsg -->
  <testcase classname="icivics_testcases.Icivics2_EducatorRegistration1_Test" name="C337_verifyvalidregistration" time="13.429"/>
  <testcase classname="icivics_testcases.Icivics20_HP_5HeaderSigninMisc_Test" name="C29_Verifydonatebutton" time="4.015"/>
  <testcase classname="icivics_testcases.Icivics20_HP_5HeaderSigninMisc_Test" name="C30_Verifydonatebuttonclick" time="14.992"/>
  <testcase classname="icivics_testcases.Icivics20_HP_5HeaderSigninMisc_Test" name="C31_Verifyshopbutton" time="2.821"/>
  <testcase classname="icivics_testcases.Icivics20_HP_5HeaderSigninMisc_Test" name="C32_Verifyshopbuttonclick" time="6.224"/>
  <testcase classname="icivics_testcases.Icivics20_HP_5HeaderSigninMisc_Test" name="C33_Verifysigninbuttonforanonymoususer" time="4.714"/>
  <testcase classname="icivics_testcases.Icivics20_HP_5HeaderSigninMisc_Test" name="C37_Verifysigninbuttonsubmenu" time="5.168"/>
  <testcase classname="icivics_testcases.Icivics20_HP_5HeaderSigninMisc_Test" name="C38_Verifysigninbuttonsubmenu" time="13.799"/>
  <testcase classname="icivics_testcases.Icivics20_HP_5HeaderSigninMisc_Test" name="C41_Verifysubmenuoptionisunderlined" time="37.975"/>
  <testcase classname="icivics_testcases.Icivics20_HP_5HeaderSigninMisc_Test" name="C42_Verifysubmenuoptionisunderlined" time="5.101"/>
  <testcase classname="icivics_testcases.Icivics6_EducatorRegistration5_Test" name="C372_verifybreadcrumbspage5" time="23.84"/>
  <testcase classname="icivics_testcases.Icivics6_EducatorRegistration5_Test" name="C373_verifywelcomemessage" time="24.842"/>
  <testcase classname="icivics_testcases.Icivics6_EducatorRegistration5_Test" name="C374_verifyconfirmationemail" time="23.342"/>
  <testcase classname="icivics_testcases.Icivics6_EducatorRegistration5_Test" name="C375_verifyconfirmationemail" time="23.451"/>
  <testcase classname="icivics_testcases.Icivics6_EducatorRegistration5_Test" name="C376_verifyresendbutton" time="28.835"/>
  <testcase classname="icivics_testcases.Icivics6_EducatorRegistration5_Test" name="C377_verifynotification" time="28.777"/>
  <testcase classname="icivics_testcases.Icivics13_HP_1Header_Test" name="C1_VerifyLogo" time="8.736"/>
  <testcase classname="icivics_testcases.Icivics13_HP_1Header_Test" name="C2_VerifyHeaderbuttonforanonymoususer" time="13.174"/>
  <testcase classname="icivics_testcases.Icivics13_HP_1Header_Test" name="C2_VerifyHeaderbuttonforauthenticateduser" time="13.104"/>
  <testcase classname="icivics_testcases.Icivics13_HP_1Header_Test" name="C1538_Verifydonationpopup" time="6.576"/>
  <testcase classname="icivics_testcases.Icivics1_EducatorRegistration_Test" name="C321_VerifyallpageElements" time="17.414"/>
  <testcase classname="icivics_testcases.Icivics1_EducatorRegistration_Test" name="C322_ButtonHover" time="26.996"/>
  <testcase classname="icivics_testcases.Icivics1_EducatorRegistration_Test" name="C323_Verifyallbuttonlinks" time="221.892"/>
  <testcase classname="icivics_testcases.Icivics1_EducatorRegistration_Test" name="C324_WindowResize" time="13.565"/>
  <testcase classname="icivics_testcases.Icivics1_EducatorRegistration_Test" name="C325_Verifyerrormsg" time="5.337"/>
  <testcase classname="icivics_testcases.Icivics1_EducatorRegistration_Test" name="C326_Verifybreadcrumbs" time="5.913"/>
  <testcase classname="icivics_testcases.Icivics9_StudentRegistration2classcode_Test" name="C398_verifypagecount2" time="8.714"/>
  <testcase classname="icivics_testcases.Icivics9_StudentRegistration2classcode_Test" name="C399_Clickbackbutton" time="10.396"/>
  <testcase classname="icivics_testcases.Icivics9_StudentRegistration2classcode_Test" name="C400_verifyfieldsisremembered" time="10.053"/>
  <testcase classname="icivics_testcases.Icivics9_StudentRegistration2classcode_Test" name="C403_clickontermsofuselink" time="21.845"/>
  <testcase classname="icivics_testcases.Icivics9_StudentRegistration2classcode_Test" name="C404_clickprivacypolicy" time="14.352"/>
  <testcase classname="icivics_testcases.Icivics9_StudentRegistration2classcode_Test" name="C405_verifypage2SignUpforEmailsfield" time="8.024"/>
  <testcase classname="icivics_testcases.Icivics9_StudentRegistration2classcode_Test" name="C408_hoveronpwdfield" time="10.447"/>
  <testcase classname="icivics_testcases.Icivics9_StudentRegistration2classcode_Test" name="C409_VerifyPasswordstrengthmeter" time="10.322"/>
  <testcase classname="icivics_testcases.Icivics9_StudentRegistration2classcode_Test" name="C410_VerifyPasswordindicatormatch" time="13.579"/>
  <testcase classname="icivics_testcases.Icivics9_StudentRegistration2classcode_Test" name="C412_verifyenterinvaliddata" time="17.954"/>
  <testcase classname="icivics_testcases.Icivics9_StudentRegistration2classcode_Test" name="C412_verifytermsofuseandprivacycheckbox" time="11.258"/>
  <testcase classname="icivics_testcases.Icivics9_StudentRegistration2classcode_Test" name="C413_verifyblankerrormsg" time="13.843"/>
  <testcase classname="icivics_testcases.Icivics9_StudentRegistration2classcode_Test" name="C414_verifypage3loaded" time="16.47"/>
  <testcase classname="icivics_testcases.Icivics3_EducatorRegistration2_Test" name="C338_verifybreadcrumbspage1" time="7.924"/>
  <testcase classname="icivics_testcases.Icivics3_EducatorRegistration2_Test" name="C339_verifypreviouspage" time="10.466"/>
  <testcase classname="icivics_testcases.Icivics3_EducatorRegistration2_Test" name="C340_verifyalldataremembered" time="14.216"/>
  <testcase classname="icivics_testcases.Icivics3_EducatorRegistration2_Test" name="C341_verifyRoleandGradeLevel" time="18.251"/>
  <testcase classname="icivics_testcases.Icivics3_EducatorRegistration2_Test" name="C342_verifymakeselection" time="18.355"/>
  <testcase classname="icivics_testcases.Icivics3_EducatorRegistration2_Test" name="C343_verifyotheradditionalfield" time="11.213"/>
  <testcase classname="icivics_testcases.Icivics3_EducatorRegistration2_Test" name="C344_verifyasterisk" time="8.516"/>
  <testcase classname="icivics_testcases.Icivics3_EducatorRegistration2_Test" name="C345_verifyblankerrormsg" time="47.029"/>
  <testcase classname="icivics_testcases.Icivics3_EducatorRegistration2_Test" name="C346_verifyerrormsgboxcolor" time="11.22"/>
  <testcase classname="icivics_testcases.Icivics3_EducatorRegistration2_Test" name="C347_verifyvalidsubmission" time="20.794"/>
  <testcase classname="icivics_testcases.Icivics5_EducatorRegistration4_Test" name="C358_verifybreadcrumbspage4" time="21.927"/>
  <testcase classname="icivics_testcases.Icivics5_EducatorRegistration4_Test" name="C359_verifypreviouspage" time="25.942"/>
  <testcase classname="icivics_testcases.Icivics5_EducatorRegistration4_Test" name="C360_verifyalldataremembered" time="25.585"/>
  <testcase classname="icivics_testcases.Icivics5_EducatorRegistration4_Test" name="C361_verifyallpage3fields" time="24.821"/>
  <testcase classname="icivics_testcases.Icivics5_EducatorRegistration4_Test" name="C362_verifySignUpischecked" time="23.144"/>
  <testcase classname="icivics_testcases.Icivics5_EducatorRegistration4_Test" name="C363_verifyallpage4fields" time="39.732"/>
  <testcase classname="icivics_testcases.Icivics5_EducatorRegistration4_Test" name="C364_verifyallfieldasterisk" time="23.861"/>
  <testcase classname="icivics_testcases.Icivics5_EducatorRegistration4_Test" name="C365_verifypasswordtooltips" time="27.145"/>
  <testcase classname="icivics_testcases.Icivics5_EducatorRegistration4_Test" name="C366_verifypasswordstrengthIndicator" time="21.913"/>
  <testcase classname="icivics_testcases.Icivics5_EducatorRegistration4_Test" name="C367_verifypasswordIndicatormatch" time="25.667"/>
  <testcase classname="icivics_testcases.Icivics5_EducatorRegistration4_Test" name="C368_verifyallfieldswithinvaliddata" time="27.633"/>
  <testcase classname="icivics_testcases.Icivics5_EducatorRegistration4_Test" name="C369_verifyallfieldswithblankdata" time="26.018"/>
  <testcase classname="icivics_testcases.Icivics5_EducatorRegistration4_Test" name="C370_verifyallfieldswithblankandinvaliddata" time="25.262"/>
  <testcase classname="icivics_testcases.Icivics5_EducatorRegistration4_Test" name="C371_verifyvalidsubmission" time="30.222"/>
  <testcase classname="icivics_testcases.Icivics19_HP_5HeaderMyicivicsMisc_Test" name="C29_Verifydonatebutton" time="10.666"/>
  <testcase classname="icivics_testcases.Icivics19_HP_5HeaderMyicivicsMisc_Test" name="C30_Verifydonatebuttonclick" time="21.32"/>
  <testcase classname="icivics_testcases.Icivics19_HP_5HeaderMyicivicsMisc_Test" name="C31_Verifyshopbutton" time="10.436"/>
  <testcase classname="icivics_testcases.Icivics19_HP_5HeaderMyicivicsMisc_Test" name="C32_Verifyshopbuttonclick" time="14.945"/>
  <testcase classname="icivics_testcases.Icivics19_HP_5HeaderMyicivicsMisc_Test" name="C34_VerifyIcivicsbutton" time="11.281"/>
  <testcase classname="icivics_testcases.Icivics19_HP_5HeaderMyicivicsMisc_Test" name="C35_Verifytheavatar" time="13.329"/>
  <testcase classname="icivics_testcases.Icivics19_HP_5HeaderMyicivicsMisc_Test" name="C35_Verifythenoavatar" time="11.074"/>
  <testcase classname="icivics_testcases.Icivics19_HP_5HeaderMyicivicsMisc_Test" name="C36_VerifyIcivicssubmenu" time="10.82"/>
  <testcase classname="icivics_testcases.Icivics19_HP_5HeaderMyicivicsMisc_Test" name="C37_VerifyIcivicssubmenu" time="9.047"/>
  <testcase classname="icivics_testcases.Icivics19_HP_5HeaderMyicivicsMisc_Test" name="C39_Myicivicsbuttonelementsverification" time="28.985"/>
  <testcase classname="icivics_testcases.Icivics19_HP_5HeaderMyicivicsMisc_Test" name="C41_verifyselectpageisunderlined" time="46.495"/>
  <testcase classname="icivics_testcases.Icivics19_HP_5HeaderMyicivicsMisc_Test" name="C42_Verifymyicivicsbuttonsubmenuclose" time="11.017"/>
  <testcase classname="icivics_testcases.Icivics8_StudentRegistration1Email_Test" name="C383_Verifybreadcrumbs" time="4.476"/>
  <testcase classname="icivics_testcases.Icivics8_StudentRegistration1Email_Test" name="C384_Verifybreadcrumbspage" time="3.222"/>
  <testcase classname="icivics_testcases.Icivics8_StudentRegistration1Email_Test" name="C385_Verifyvideolink" time="15.468"/>
  <testcase classname="icivics_testcases.Icivics8_StudentRegistration1Email_Test" name="C387_verifytextfields" time="7.034"/>
  <testcase classname="icivics_testcases.Icivics8_StudentRegistration1Email_Test" name="C388_verifyusernamepregenerated" time="9.268"/>
  <testcase classname="icivics_testcases.Icivics8_StudentRegistration1Email_Test" name="C389_verifyusernamepregeneratedrandomly" time="15.789"/>
  <testcase classname="icivics_testcases.Icivics8_StudentRegistration1Email_Test" name="C390_verifyentertextinallfields" time="6.419"/>
  <testcase classname="icivics_testcases.Icivics8_StudentRegistration1Email_Test" name="C391_verifyfieldsmarkedwithanasterisk" time="3.352"/>
  <testcase classname="icivics_testcases.Icivics8_StudentRegistration1Email_Test" name="C392_verifyemailtooltips" time="3.345"/>
  <testcase classname="icivics_testcases.Icivics8_StudentRegistration1Email_Test" name="C393_verifyemailerrormsg" time="8.79"/>
  <testcase classname="icivics_testcases.Icivics8_StudentRegistration1Email_Test" name="C394_verifyblankerrormsg" time="40.793"/>
  <testcase classname="icivics_testcases.Icivics8_StudentRegistration1Email_Test" name="C396_verifyvalidregistration" time="13.445"/>
  <testcase classname="icivics_testcases.Icivics8_StudentRegistration1Email_Test" name="C397_Verifyclasscodelink" time="3.448">
    <failure type="org.openqa.selenium.WebDriverException" message="unknown error: cannot determine loading status
from unknown error: unexpected command response
  (Session info: chrome=103.0.5060.66)
Build info: version: &amp;apos;3.141.59&amp;apos;, revision: &amp;apos;e82be7d358&amp;apos;, time: &amp;apos;2018-11-14T08:17:03&amp;apos;
System info: host: &amp;apos;AMX-RL-20-348-W&amp;apos;, ip: &amp;apos;10.10.7.187&amp;apos;, os.name: &amp;apos;Windows 10&amp;apos;, os.arch: &amp;apos;amd64&amp;apos;, os.version: &amp;apos;10.0&amp;apos;, java.version: &amp;apos;17.0.3&amp;apos;
Driver info: org.openqa.selenium.chrome.ChromeDriver
Capabilities {acceptInsecureCerts: false, browserName: chrome, browserVersion: 103.0.5060.66, chrome: {chromedriverVersion: 103.0.5060.53 (a1711811edd7..., userDataDir: C:\Users\VENKAT~1.T\AppData...}, goog:chromeOptions: {debuggerAddress: localhost:54973}, javascriptEnabled: true, networkConnectionEnabled: false, pageLoadStrategy: normal, platform: WINDOWS, platformName: WINDOWS, proxy: Proxy(), setWindowRect: true, strictFileInteractability: false, timeouts: {implicit: 0, pageLoad: 300000, script: 30000}, unhandledPromptBehavior: dismiss and notify, webauthn:extension:credBlob: true, webauthn:extension:largeBlob: true, webauthn:virtualAuthenticators: true}
Session ID: f123d6cae07b5524d61b44248a5db8e2">
      <![CDATA[org.openqa.selenium.WebDriverException: unknown error: cannot determine loading status
from unknown error: unexpected command response
  (Session info: chrome=103.0.5060.66)
Build info: version: '3.141.59', revision: 'e82be7d358', time: '2018-11-14T08:17:03'
System info: host: 'AMX-RL-20-348-W', ip: '10.10.7.187', os.name: 'Windows 10', os.arch: 'amd64', os.version: '10.0', java.version: '17.0.3'
Driver info: org.openqa.selenium.chrome.ChromeDriver
Capabilities {acceptInsecureCerts: false, browserName: chrome, browserVersion: 103.0.5060.66, chrome: {chromedriverVersion: 103.0.5060.53 (a1711811edd7..., userDataDir: C:\Users\VENKAT~1.T\AppData...}, goog:chromeOptions: {debuggerAddress: localhost:54973}, javascriptEnabled: true, networkConnectionEnabled: false, pageLoadStrategy: normal, platform: WINDOWS, platformName: WINDOWS, proxy: Proxy(), setWindowRect: true, strictFileInteractability: false, timeouts: {implicit: 0, pageLoad: 300000, script: 30000}, unhandledPromptBehavior: dismiss and notify, webauthn:extension:credBlob: true, webauthn:extension:largeBlob: true, webauthn:virtualAuthenticators: true}
Session ID: f123d6cae07b5524d61b44248a5db8e2
at org.openqa.selenium.remote.http.W3CHttpResponseCodec.createException(W3CHttpResponseCodec.java:187)
at org.openqa.selenium.remote.http.W3CHttpResponseCodec.decode(W3CHttpResponseCodec.java:122)
at org.openqa.selenium.remote.http.W3CHttpResponseCodec.decode(W3CHttpResponseCodec.java:49)
at org.openqa.selenium.remote.HttpCommandExecutor.execute(HttpCommandExecutor.java:158)
at org.openqa.selenium.remote.service.DriverCommandExecutor.execute(DriverCommandExecutor.java:83)
at org.openqa.selenium.remote.RemoteWebDriver.execute(RemoteWebDriver.java:552)
at org.openqa.selenium.remote.RemoteWebElement.execute(RemoteWebElement.java:285)
at org.openqa.selenium.remote.RemoteWebElement.click(RemoteWebElement.java:84)
at icivics_pages.Icivics_StudentReg1Email.verifyclasscodelink(Icivics_StudentReg1Email.java:797)
at icivics_testcases.Icivics8_StudentRegistration1Email_Test.C397_Verifyclasscodelink(Icivics8_StudentRegistration1Email_Test.java:142)
at java.base/java.util.ArrayList.forEach(ArrayList.java:1511)
... Removed 31 stack frames]]>
    </failure>
  </testcase> <!-- C397_Verifyclasscodelink -->
  <testcase classname="icivics_testcases.Icivics11_StudentRegistration3classcode_Test" name="C454_verifypagecount3" time="15.606"/>
  <testcase classname="icivics_testcases.Icivics11_StudentRegistration3classcode_Test" name="C455_verifyusernamegenerateddisplay" time="18.438"/>
  <testcase classname="icivics_testcases.Icivics11_StudentRegistration3classcode_Test" name="C456_verifyusernametextddisplay" time="15.346"/>
  <testcase classname="icivics_testcases.Icivics11_StudentRegistration3classcode_Test" name="C457_verifyemailddisplay" time="18.424"/>
  <testcase classname="icivics_testcases.Icivics11_StudentRegistration3classcode_Test" name="C458_verifyemailtextddisplay" time="16.145"/>
  <testcase classname="icivics_testcases.Icivics11_StudentRegistration3classcode_Test" name="C459_clickcontinuetomyassignmentbutton" time="20.384"/>
  <testcase classname="icivics_testcases.Icivics17_HP_3Headerteach2_Test" name="C19_Verifyteachsubmenu" time="64.702"/>
  <testcase classname="icivics_testcases.Icivics12_StudentRegistration3Email_Test" name="C372_verifypagecount3" time="15.039"/>
  <testcase classname="icivics_testcases.Icivics12_StudentRegistration3Email_Test" name="C373_verifycheckmsgdisplay" time="14.81"/>
  <testcase classname="icivics_testcases.Icivics12_StudentRegistration3Email_Test" name="C374_verifycheckmsgdisplay" time="14.839"/>
  <testcase classname="icivics_testcases.Icivics12_StudentRegistration3Email_Test" name="C375_verifyregisteredemaildisplay" time="14.867"/>
  <testcase classname="icivics_testcases.Icivics12_StudentRegistration3Email_Test" name="C376_verifyresendbutton" time="20.959"/>
  <testcase classname="icivics_testcases.Icivics12_StudentRegistration3Email_Test" name="C377_verifyconfirmationemail" time="20.144"/>
  <testcase classname="icivics_testcases.Icivics4_EducatorRegistration3_Test" name="C348_verifybreadcrumbspage3" time="14.842"/>
  <testcase classname="icivics_testcases.Icivics4_EducatorRegistration3_Test" name="C349_verifypreviouspage" time="16.671"/>
  <testcase classname="icivics_testcases.Icivics4_EducatorRegistration3_Test" name="C350_verifyalldataremembered" time="15.076">
    <failure type="java.lang.NullPointerException" message="Cannot invoke &amp;quot;java.util.List.size()&amp;quot; because &amp;quot;chkBox&amp;quot; is null">
      <![CDATA[java.lang.NullPointerException: Cannot invoke "java.util.List.size()" because "chkBox" is null
at icivics_pages.Icivics_EducatorReg3.verifygradelevelremembered(Icivics_EducatorReg3.java:153)
at icivics_testcases.Icivics4_EducatorRegistration3_Test.C350_verifyalldataremembered(Icivics4_EducatorRegistration3_Test.java:41)
at java.base/java.util.ArrayList.forEach(ArrayList.java:1511)
... Removed 27 stack frames]]>
    </failure>
  </testcase> <!-- C350_verifyalldataremembered -->
  <testcase classname="icivics_testcases.Icivics4_EducatorRegistration3_Test" name="C351_verifyallpage3fields" time="29.121"/>
  <testcase classname="icivics_testcases.Icivics4_EducatorRegistration3_Test" name="C352_verifyallfieldsallowtoentertextandmakeselection" time="38.296"/>
  <testcase classname="icivics_testcases.Icivics4_EducatorRegistration3_Test" name="C354_verifyallfieldswithinvaliddata" time="19.05"/>
  <testcase classname="icivics_testcases.Icivics4_EducatorRegistration3_Test" name="C355_verifyallfieldswithblankfield" time="16.188"/>
  <testcase classname="icivics_testcases.Icivics4_EducatorRegistration3_Test" name="C357_verifyvalidsubmission" time="21.176"/>
  <testcase classname="icivics_testcases.Icivics18_HP_4HeaderAbout_Test" name="C22_Verifyaboutsubmenu" time="9.079"/>
  <testcase classname="icivics_testcases.Icivics18_HP_4HeaderAbout_Test" name="C23_Verifysubmenucount" time="4.995"/>
  <testcase classname="icivics_testcases.Icivics18_HP_4HeaderAbout_Test" name="C24_VerifysubmenuElement" time="49.148"/>
  <testcase classname="icivics_testcases.Icivics18_HP_4HeaderAbout_Test" name="C27_Verifyclickaboutbuttonagain" time="7.199"/>
  <testcase classname="icivics_testcases.Icivics15_HP_2Headerplay_Test" name="C8_Verifyplaysubmenu" time="4.565"/>
  <testcase classname="icivics_testcases.Icivics15_HP_2Headerplay_Test" name="C9_Verifyplaybuttonlist" time="9.898"/>
  <testcase classname="icivics_testcases.Icivics15_HP_2Headerplay_Test" name="C10_Verifyplaybuttonelements" time="125.721"/>
  <testcase classname="icivics_testcases.Icivics15_HP_2Headerplay_Test" name="C12_Verifypageisunderlined" time="277.391"/>
  <testcase classname="icivics_testcases.Icivics15_HP_2Headerplay_Test" name="C13_Verifyclickonplaybuttonagain" time="4.513"/>
  <testcase classname="icivics_testcases.Icivics7_StudentRegistration1classcode_Test" name="C425_verifyemailfieldsappear" time="4.164"/>
  <testcase classname="icivics_testcases.Icivics7_StudentRegistration1classcode_Test" name="C426_verifyemailtooltips" time="4.005"/>
  <testcase classname="icivics_testcases.Icivics7_StudentRegistration1classcode_Test" name="C427_verifyemailfieldsdisappear" time="6.36">
    <failure type="org.openqa.selenium.WebDriverException" message="unknown error: cannot determine loading status
from unknown error: unexpected command response
  (Session info: chrome=103.0.5060.66)
Build info: version: &amp;apos;3.141.59&amp;apos;, revision: &amp;apos;e82be7d358&amp;apos;, time: &amp;apos;2018-11-14T08:17:03&amp;apos;
System info: host: &amp;apos;AMX-RL-20-348-W&amp;apos;, ip: &amp;apos;10.10.7.187&amp;apos;, os.name: &amp;apos;Windows 10&amp;apos;, os.arch: &amp;apos;amd64&amp;apos;, os.version: &amp;apos;10.0&amp;apos;, java.version: &amp;apos;17.0.3&amp;apos;
Driver info: org.openqa.selenium.chrome.ChromeDriver
Capabilities {acceptInsecureCerts: false, browserName: chrome, browserVersion: 103.0.5060.66, chrome: {chromedriverVersion: 103.0.5060.53 (a1711811edd7..., userDataDir: C:\Users\VENKAT~1.T\AppData...}, goog:chromeOptions: {debuggerAddress: localhost:56433}, javascriptEnabled: true, networkConnectionEnabled: false, pageLoadStrategy: normal, platform: WINDOWS, platformName: WINDOWS, proxy: Proxy(), setWindowRect: true, strictFileInteractability: false, timeouts: {implicit: 0, pageLoad: 300000, script: 30000}, unhandledPromptBehavior: dismiss and notify, webauthn:extension:credBlob: true, webauthn:extension:largeBlob: true, webauthn:virtualAuthenticators: true}
Session ID: ae6d78db0278361da833c98ae7791c40">
      <![CDATA[org.openqa.selenium.WebDriverException: unknown error: cannot determine loading status
from unknown error: unexpected command response
  (Session info: chrome=103.0.5060.66)
Build info: version: '3.141.59', revision: 'e82be7d358', time: '2018-11-14T08:17:03'
System info: host: 'AMX-RL-20-348-W', ip: '10.10.7.187', os.name: 'Windows 10', os.arch: 'amd64', os.version: '10.0', java.version: '17.0.3'
Driver info: org.openqa.selenium.chrome.ChromeDriver
Capabilities {acceptInsecureCerts: false, browserName: chrome, browserVersion: 103.0.5060.66, chrome: {chromedriverVersion: 103.0.5060.53 (a1711811edd7..., userDataDir: C:\Users\VENKAT~1.T\AppData...}, goog:chromeOptions: {debuggerAddress: localhost:56433}, javascriptEnabled: true, networkConnectionEnabled: false, pageLoadStrategy: normal, platform: WINDOWS, platformName: WINDOWS, proxy: Proxy(), setWindowRect: true, strictFileInteractability: false, timeouts: {implicit: 0, pageLoad: 300000, script: 30000}, unhandledPromptBehavior: dismiss and notify, webauthn:extension:credBlob: true, webauthn:extension:largeBlob: true, webauthn:virtualAuthenticators: true}
Session ID: ae6d78db0278361da833c98ae7791c40
at org.openqa.selenium.remote.http.W3CHttpResponseCodec.createException(W3CHttpResponseCodec.java:187)
at org.openqa.selenium.remote.http.W3CHttpResponseCodec.decode(W3CHttpResponseCodec.java:122)
at org.openqa.selenium.remote.http.W3CHttpResponseCodec.decode(W3CHttpResponseCodec.java:49)
at org.openqa.selenium.remote.HttpCommandExecutor.execute(HttpCommandExecutor.java:158)
at org.openqa.selenium.remote.service.DriverCommandExecutor.execute(DriverCommandExecutor.java:83)
at org.openqa.selenium.remote.RemoteWebDriver.execute(RemoteWebDriver.java:552)
at org.openqa.selenium.remote.RemoteWebElement.execute(RemoteWebElement.java:285)
at org.openqa.selenium.remote.RemoteWebElement.click(RemoteWebElement.java:84)
at icivics_pages.Icivics_StudentReg1classcode.clickonremovelink(Icivics_StudentReg1classcode.java:126)
at icivics_testcases.Icivics7_StudentRegistration1classcode_Test.C427_verifyemailfieldsdisappear(Icivics7_StudentRegistration1classcode_Test.java:50)
at java.base/java.util.ArrayList.forEach(ArrayList.java:1511)
... Removed 31 stack frames]]>
    </failure>
  </testcase> <!-- C427_verifyemailfieldsdisappear -->
  <testcase classname="icivics_testcases.Icivics7_StudentRegistration1classcode_Test" name="C428_verifyusernamepregenerated" time="8.474"/>
  <testcase classname="icivics_testcases.Icivics7_StudentRegistration1classcode_Test" name="C429_usernamegeneratedrandomly" time="14.889"/>
  <testcase classname="icivics_testcases.Icivics7_StudentRegistration1classcode_Test" name="C430_verifyregistrationwithvaliddata" time="9.602"/>
  <testcase classname="icivics_testcases.Icivics7_StudentRegistration1classcode_Test" name="C431_verifyAsteriks" time="4.215"/>
  <testcase classname="icivics_testcases.Icivics7_StudentRegistration1classcode_Test" name="C432_verifyinvaliderrormsg" time="7.156">
    <failure type="java.lang.NullPointerException" message="Cannot invoke &amp;quot;org.openqa.selenium.WebElement.getText()&amp;quot; because &amp;quot;alertmsg&amp;quot; is null">
      <![CDATA[java.lang.NullPointerException: Cannot invoke "org.openqa.selenium.WebElement.getText()" because "alertmsg" is null
at icivics_pages.Icivics_StudentReg1classcode.verifyinvaliderrormsg(Icivics_StudentReg1classcode.java:364)
at icivics_testcases.Icivics7_StudentRegistration1classcode_Test.C432_verifyinvaliderrormsg(Icivics7_StudentRegistration1classcode_Test.java:100)
at java.base/java.util.ArrayList.forEach(ArrayList.java:1511)
... Removed 27 stack frames]]>
    </failure>
  </testcase> <!-- C432_verifyinvaliderrormsg -->
  <testcase classname="icivics_testcases.Icivics7_StudentRegistration1classcode_Test" name="C433_verifyerrormsgverifyemailblankfield" time="43.552"/>
  <testcase classname="icivics_testcases.Icivics7_StudentRegistration1classcode_Test" name="C434_verifyinvaliderrormsg2" time="7.147"/>
  <testcase classname="icivics_testcases.Icivics7_StudentRegistration1classcode_Test" name="C435_verifyregistrationwithvalidvalue" time="8.483">
    <failure type="org.openqa.selenium.WebDriverException" message="unknown error: cannot determine loading status
from unknown error: unexpected command response
  (Session info: chrome=103.0.5060.66)
Build info: version: &amp;apos;3.141.59&amp;apos;, revision: &amp;apos;e82be7d358&amp;apos;, time: &amp;apos;2018-11-14T08:17:03&amp;apos;
System info: host: &amp;apos;AMX-RL-20-348-W&amp;apos;, ip: &amp;apos;10.10.7.187&amp;apos;, os.name: &amp;apos;Windows 10&amp;apos;, os.arch: &amp;apos;amd64&amp;apos;, os.version: &amp;apos;10.0&amp;apos;, java.version: &amp;apos;17.0.3&amp;apos;
Driver info: org.openqa.selenium.chrome.ChromeDriver
Capabilities {acceptInsecureCerts: false, browserName: chrome, browserVersion: 103.0.5060.66, chrome: {chromedriverVersion: 103.0.5060.53 (a1711811edd7..., userDataDir: C:\Users\VENKAT~1.T\AppData...}, goog:chromeOptions: {debuggerAddress: localhost:56733}, javascriptEnabled: true, networkConnectionEnabled: false, pageLoadStrategy: normal, platform: WINDOWS, platformName: WINDOWS, proxy: Proxy(), setWindowRect: true, strictFileInteractability: false, timeouts: {implicit: 0, pageLoad: 300000, script: 30000}, unhandledPromptBehavior: dismiss and notify, webauthn:extension:credBlob: true, webauthn:extension:largeBlob: true, webauthn:virtualAuthenticators: true}
Session ID: 44cb581ca7aa96e2edbb48d2e9832374">
      <![CDATA[org.openqa.selenium.WebDriverException: unknown error: cannot determine loading status
from unknown error: unexpected command response
  (Session info: chrome=103.0.5060.66)
Build info: version: '3.141.59', revision: 'e82be7d358', time: '2018-11-14T08:17:03'
System info: host: 'AMX-RL-20-348-W', ip: '10.10.7.187', os.name: 'Windows 10', os.arch: 'amd64', os.version: '10.0', java.version: '17.0.3'
Driver info: org.openqa.selenium.chrome.ChromeDriver
Capabilities {acceptInsecureCerts: false, browserName: chrome, browserVersion: 103.0.5060.66, chrome: {chromedriverVersion: 103.0.5060.53 (a1711811edd7..., userDataDir: C:\Users\VENKAT~1.T\AppData...}, goog:chromeOptions: {debuggerAddress: localhost:56733}, javascriptEnabled: true, networkConnectionEnabled: false, pageLoadStrategy: normal, platform: WINDOWS, platformName: WINDOWS, proxy: Proxy(), setWindowRect: true, strictFileInteractability: false, timeouts: {implicit: 0, pageLoad: 300000, script: 30000}, unhandledPromptBehavior: dismiss and notify, webauthn:extension:credBlob: true, webauthn:extension:largeBlob: true, webauthn:virtualAuthenticators: true}
Session ID: 44cb581ca7aa96e2edbb48d2e9832374
at org.openqa.selenium.remote.http.W3CHttpResponseCodec.createException(W3CHttpResponseCodec.java:187)
at org.openqa.selenium.remote.http.W3CHttpResponseCodec.decode(W3CHttpResponseCodec.java:122)
at org.openqa.selenium.remote.http.W3CHttpResponseCodec.decode(W3CHttpResponseCodec.java:49)
at org.openqa.selenium.remote.HttpCommandExecutor.execute(HttpCommandExecutor.java:158)
at org.openqa.selenium.remote.service.DriverCommandExecutor.execute(DriverCommandExecutor.java:83)
at org.openqa.selenium.remote.RemoteWebDriver.execute(RemoteWebDriver.java:552)
at org.openqa.selenium.remote.RemoteWebElement.execute(RemoteWebElement.java:285)
at org.openqa.selenium.remote.RemoteWebElement.click(RemoteWebElement.java:84)
at selenium.base.SeleniumBase.click(SeleniumBase.java:59)
at icivics_pages.Icivics_StudentReg1classcode.verifyregistrationwithvalidvalue(Icivics_StudentReg1classcode.java:749)
at icivics_testcases.Icivics7_StudentRegistration1classcode_Test.C435_verifyregistrationwithvalidvalue(Icivics7_StudentRegistration1classcode_Test.java:133)
at java.base/java.util.ArrayList.forEach(ArrayList.java:1511)
... Removed 31 stack frames]]>
    </failure>
  </testcase> <!-- C435_verifyregistrationwithvalidvalue -->
  <testcase classname="icivics_testcases.Icivics10_StudentRegistration2Email_Test" name="C398_verifypagecount2" time="6.435"/>
  <testcase classname="icivics_testcases.Icivics10_StudentRegistration2Email_Test" name="C399_Clickbackbutton" time="11.932"/>
  <testcase classname="icivics_testcases.Icivics10_StudentRegistration2Email_Test" name="C400_verifyfieldsisremembered" time="9.54"/>
  <testcase classname="icivics_testcases.Icivics10_StudentRegistration2Email_Test" name="C403_clickontermsofuselink" time="21.311"/>
  <testcase classname="icivics_testcases.Icivics10_StudentRegistration2Email_Test" name="C404_clickprivacypolicy" time="13.306"/>
  <testcase classname="icivics_testcases.Icivics10_StudentRegistration2Email_Test" name="C405_verifypage2SignUpforEmailsfield" time="6.905"/>
  <testcase classname="icivics_testcases.Icivics10_StudentRegistration2Email_Test" name="C408_hoveronpwdfield" time="6.878"/>
  <testcase classname="icivics_testcases.Icivics10_StudentRegistration2Email_Test" name="C409_VerifyPasswordstrengthmeter" time="9.733"/>
  <testcase classname="icivics_testcases.Icivics10_StudentRegistration2Email_Test" name="C410_VerifyPasswordindicatormatch" time="6.87"/>
  <testcase classname="icivics_testcases.Icivics10_StudentRegistration2Email_Test" name="C412_verifyenterinvaliddata" time="10.503"/>
  <testcase classname="icivics_testcases.Icivics10_StudentRegistration2Email_Test" name="C412_verifytermsofuseandprivacycheckbox" time="9.748"/>
  <testcase classname="icivics_testcases.Icivics10_StudentRegistration2Email_Test" name="C413_verifyblankerrormsg" time="13.79"/>
  <testcase classname="icivics_testcases.Icivics10_StudentRegistration2Email_Test" name="C414_verifypage3loaded" time="15.698"/>
  <testcase classname="icivics_testcases.Icivics14_HP_1TeacherHeader_Test" name="C3_Verifyheaderbuttonsforanonymoususer" time="10.441"/>
  <testcase classname="icivics_testcases.Icivics14_HP_1TeacherHeader_Test" name="C3_Verifyheaderbuttonsforauthenticateduser" time="11.676"/>
  <testcase classname="icivics_testcases.Icivics14_HP_1TeacherHeader_Test" name="C4_Verifyheaderelemets" time="162.091"/>
  <testcase classname="icivics_testcases.Icivics14_HP_1TeacherHeader_Test" name="C6_Verifyheaderbuttonhoverforanonymoususer" time="71.344"/>
  <testcase classname="icivics_testcases.Icivics14_HP_1TeacherHeader_Test" name="C6_verifyaheaderbuttonhoverforauthenticateduser" time="71.653"/>
  <testcase classname="icivics_testcases.Icivics14_HP_1TeacherHeader_Test" name="C7_verifyresizeheaderintohamburger" time="32.376"/>
  <testcase classname="icivics_testcases.Icivics16_HP_3HeaderTeach_Test" name="C15_Verifyteachsubmenu" time="3.189"/>
  <testcase classname="icivics_testcases.Icivics16_HP_3HeaderTeach_Test" name="C16_Verifysubmenucount" time="4.329"/>
  <testcase classname="icivics_testcases.Icivics16_HP_3HeaderTeach_Test" name="C17_Verifyteachbuttonelements" time="31.061"/>
  <testcase classname="icivics_testcases.Icivics16_HP_3HeaderTeach_Test" name="C20_verifyclickteachbuttonagain" time="3.715"/>
  <testcase classname="utilities.Reporter" name="@BeforeSuite startReport" time="0.0">
    <ignored/>
  </testcase> <!-- @BeforeSuite startReport -->
  <testcase classname="utilities.Reporter" name="@BeforeSuite startReport" time="0.0">
    <ignored/>
  </testcase> <!-- @BeforeSuite startReport -->
  <testcase classname="utilities.Reporter" name="@BeforeSuite startReport" time="0.0">
    <ignored/>
  </testcase> <!-- @BeforeSuite startReport -->
  <testcase classname="utilities.Reporter" name="@BeforeSuite startReport" time="0.0">
    <ignored/>
  </testcase> <!-- @BeforeSuite startReport -->
  <testcase classname="utilities.Reporter" name="@BeforeSuite startReport" time="0.0">
    <ignored/>
  </testcase> <!-- @BeforeSuite startReport -->
  <testcase classname="utilities.Reporter" name="@BeforeSuite startReport" time="0.0">
    <ignored/>
  </testcase> <!-- @BeforeSuite startReport -->
  <testcase classname="utilities.Reporter" name="@BeforeSuite startReport" time="0.0">
    <ignored/>
  </testcase> <!-- @BeforeSuite startReport -->
  <testcase classname="utilities.Reporter" name="@BeforeSuite startReport" time="0.0">
    <ignored/>
  </testcase> <!-- @BeforeSuite startReport -->
  <testcase classname="utilities.Reporter" name="@BeforeSuite startReport" time="0.0">
    <ignored/>
  </testcase> <!-- @BeforeSuite startReport -->
  <testcase classname="utilities.Reporter" name="@BeforeSuite startReport" time="0.0">
    <ignored/>
  </testcase> <!-- @BeforeSuite startReport -->
  <testcase classname="utilities.Reporter" name="@BeforeSuite startReport" time="0.0">
    <ignored/>
  </testcase> <!-- @BeforeSuite startReport -->
  <testcase classname="utilities.Reporter" name="@BeforeSuite startReport" time="0.0">
    <ignored/>
  </testcase> <!-- @BeforeSuite startReport -->
  <testcase classname="utilities.Reporter" name="@BeforeSuite startReport" time="0.0">
    <ignored/>
  </testcase> <!-- @BeforeSuite startReport -->
  <testcase classname="utilities.Reporter" name="@BeforeSuite startReport" time="0.0">
    <ignored/>
  </testcase> <!-- @BeforeSuite startReport -->
  <testcase classname="utilities.Reporter" name="@BeforeSuite startReport" time="0.0">
    <ignored/>
  </testcase> <!-- @BeforeSuite startReport -->
  <testcase classname="utilities.Reporter" name="@BeforeSuite startReport" time="0.0">
    <ignored/>
  </testcase> <!-- @BeforeSuite startReport -->
  <testcase classname="utilities.Reporter" name="@BeforeSuite startReport" time="0.0">
    <ignored/>
  </testcase> <!-- @BeforeSuite startReport -->
  <testcase classname="utilities.Reporter" name="@BeforeSuite startReport" time="0.0">
    <ignored/>
  </testcase> <!-- @BeforeSuite startReport -->
  <testcase classname="utilities.Reporter" name="@BeforeSuite startReport" time="0.0">
    <ignored/>
  </testcase> <!-- @BeforeSuite startReport -->
  <testcase classname="utilities.Reporter" name="@AfterSuite stopReport" time="0.0">
    <ignored/>
  </testcase> <!-- @AfterSuite stopReport -->
  <testcase classname="utilities.Reporter" name="@AfterSuite stopReport" time="0.0">
    <ignored/>
  </testcase> <!-- @AfterSuite stopReport -->
  <testcase classname="utilities.Reporter" name="@AfterSuite stopReport" time="0.0">
    <ignored/>
  </testcase> <!-- @AfterSuite stopReport -->
  <testcase classname="utilities.Reporter" name="@AfterSuite stopReport" time="0.0">
    <ignored/>
  </testcase> <!-- @AfterSuite stopReport -->
  <testcase classname="utilities.Reporter" name="@AfterSuite stopReport" time="0.0">
    <ignored/>
  </testcase> <!-- @AfterSuite stopReport -->
  <testcase classname="utilities.Reporter" name="@AfterSuite stopReport" time="0.0">
    <ignored/>
  </testcase> <!-- @AfterSuite stopReport -->
  <testcase classname="utilities.Reporter" name="@AfterSuite stopReport" time="0.0">
    <ignored/>
  </testcase> <!-- @AfterSuite stopReport -->
  <testcase classname="utilities.Reporter" name="@AfterSuite stopReport" time="0.0">
    <ignored/>
  </testcase> <!-- @AfterSuite stopReport -->
  <testcase classname="utilities.Reporter" name="@AfterSuite stopReport" time="0.0">
    <ignored/>
  </testcase> <!-- @AfterSuite stopReport -->
  <testcase classname="utilities.Reporter" name="@AfterSuite stopReport" time="0.0">
    <ignored/>
  </testcase> <!-- @AfterSuite stopReport -->
  <testcase classname="utilities.Reporter" name="@AfterSuite stopReport" time="0.0">
    <ignored/>
  </testcase> <!-- @AfterSuite stopReport -->
  <testcase classname="utilities.Reporter" name="@AfterSuite stopReport" time="0.0">
    <ignored/>
  </testcase> <!-- @AfterSuite stopReport -->
  <testcase classname="utilities.Reporter" name="@AfterSuite stopReport" time="0.0">
    <ignored/>
  </testcase> <!-- @AfterSuite stopReport -->
  <testcase classname="utilities.Reporter" name="@AfterSuite stopReport" time="0.0">
    <ignored/>
  </testcase> <!-- @AfterSuite stopReport -->
  <testcase classname="utilities.Reporter" name="@AfterSuite stopReport" time="0.0">
    <ignored/>
  </testcase> <!-- @AfterSuite stopReport -->
  <testcase classname="utilities.Reporter" name="@AfterSuite stopReport" time="0.0">
    <ignored/>
  </testcase> <!-- @AfterSuite stopReport -->
  <testcase classname="utilities.Reporter" name="@AfterSuite stopReport" time="0.0">
    <ignored/>
  </testcase> <!-- @AfterSuite stopReport -->
  <testcase classname="utilities.Reporter" name="@AfterSuite stopReport" time="0.0">
    <ignored/>
  </testcase> <!-- @AfterSuite stopReport -->
  <testcase classname="utilities.Reporter" name="@AfterSuite stopReport" time="0.0">
    <ignored/>
  </testcase> <!-- @AfterSuite stopReport -->
</testsuite> <!-- Test -->
